2023-03-04 12:46:13,115 - model.pytorch.supervisor - INFO - Log directory: data/model/model_lr_0.001_bs_128_0304124613_68/
2023-03-04 12:46:14,707 - model.pytorch.supervisor - INFO - Model created
2023-03-04 12:46:14,736 - model.pytorch.supervisor - INFO - Start training ...
2023-03-04 12:46:14,736 - model.pytorch.supervisor - INFO - num_batches:7
2023-03-04 12:46:16,364 - model.pytorch.supervisor - INFO - Total trainable parameters 69786
2023-03-04 12:46:16,854 - model.pytorch.supervisor - INFO - epoch complete
2023-03-04 12:46:16,854 - model.pytorch.supervisor - INFO - evaluating now!
2023-03-04 12:46:17,100 - model.pytorch.supervisor - INFO - Epoch [0/2000] (7) train_loss: 29.9875, l1_nll: 17.7439, l1_kld: 0.0000, l2_nll: 12.2436, l2_kld: 0.0000, val_mae: 274.8918, lr: 0.001000, 0.8s
2023-03-04 12:46:17,539 - model.pytorch.supervisor - INFO - Epoch [0/2000] (7) test_nll: 10.7657, test_mae: 3.4629, test_non_mae: 341.9208, lr: 0.001000, 0.8s
2023-03-04 12:46:17,539 - model.pytorch.supervisor - INFO - Val loss decrease from inf to 274.8918.
2023-03-04 12:46:19,647 - model.pytorch.supervisor - INFO - epoch complete
2023-03-04 12:46:19,647 - model.pytorch.supervisor - INFO - evaluating now!
2023-03-04 12:46:19,980 - model.pytorch.supervisor - INFO - Epoch [1/2000] (14) train_loss: 28.0069, l1_nll: 16.4473, l1_kld: 0.0000, l2_nll: 11.5596, l2_kld: 0.0000, val_mae: 274.8194, lr: 0.001000, 0.8s
2023-03-04 12:46:20,481 - model.pytorch.supervisor - INFO - Epoch [1/2000] (14) test_nll: 10.0654, test_mae: 3.3992, test_non_mae: 341.8483, lr: 0.001000, 0.8s
2023-03-04 12:46:20,481 - model.pytorch.supervisor - INFO - Val loss decrease from 274.8918 to 274.8194.
2023-03-04 12:46:22,567 - model.pytorch.supervisor - INFO - epoch complete
2023-03-04 12:46:22,567 - model.pytorch.supervisor - INFO - evaluating now!
2023-03-04 12:46:22,817 - model.pytorch.supervisor - INFO - Epoch [2/2000] (21) train_loss: 25.4265, l1_nll: 14.6530, l1_kld: 0.0000, l2_nll: 10.7735, l2_kld: 0.0000, val_mae: 274.6527, lr: 0.001000, 0.7s
2023-03-04 12:46:23,264 - model.pytorch.supervisor - INFO - Epoch [2/2000] (21) test_nll: 8.8313, test_mae: 3.2706, test_non_mae: 341.6801, lr: 0.001000, 0.7s
2023-03-04 12:46:23,264 - model.pytorch.supervisor - INFO - Val loss decrease from 274.8194 to 274.6527.
2023-03-04 12:46:25,347 - model.pytorch.supervisor - INFO - epoch complete
2023-03-04 12:46:25,347 - model.pytorch.supervisor - INFO - evaluating now!
2023-03-04 12:46:25,595 - model.pytorch.supervisor - INFO - Epoch [3/2000] (28) train_loss: 19.7991, l1_nll: 10.9310, l1_kld: 0.0001, l2_nll: 8.8680, l2_kld: 0.0000, val_mae: 274.1574, lr: 0.001000, 0.7s
2023-03-04 12:46:26,036 - model.pytorch.supervisor - INFO - Epoch [3/2000] (28) test_nll: 6.7099, test_mae: 2.9829, test_non_mae: 341.1811, lr: 0.001000, 0.7s
2023-03-04 12:46:26,036 - model.pytorch.supervisor - INFO - Val loss decrease from 274.6527 to 274.1574.
2023-03-04 12:46:28,153 - model.pytorch.supervisor - INFO - epoch complete
2023-03-04 12:46:28,153 - model.pytorch.supervisor - INFO - evaluating now!
2023-03-04 12:46:28,411 - model.pytorch.supervisor - INFO - Epoch [4/2000] (35) train_loss: 12.2795, l1_nll: 6.0903, l1_kld: 0.0028, l2_nll: 6.1865, l2_kld: 0.0000, val_mae: 271.8413, lr: 0.001000, 0.7s
2023-03-04 12:46:28,850 - model.pytorch.supervisor - INFO - Epoch [4/2000] (35) test_nll: 3.8582, test_mae: 2.3035, test_non_mae: 338.8385, lr: 0.001000, 0.7s
2023-03-04 12:46:28,850 - model.pytorch.supervisor - INFO - Val loss decrease from 274.1574 to 271.8413.
2023-03-04 12:46:30,971 - model.pytorch.supervisor - INFO - epoch complete
2023-03-04 12:46:30,971 - model.pytorch.supervisor - INFO - evaluating now!
2023-03-04 12:46:31,227 - model.pytorch.supervisor - INFO - Epoch [5/2000] (42) train_loss: 6.0091, l1_nll: 2.8545, l1_kld: 0.0257, l2_nll: 3.1289, l2_kld: 0.0000, val_mae: 266.1608, lr: 0.001000, 0.7s
2023-03-04 12:46:31,658 - model.pytorch.supervisor - INFO - Epoch [5/2000] (42) test_nll: 2.0337, test_mae: 1.3362, test_non_mae: 333.7645, lr: 0.001000, 0.7s
2023-03-04 12:46:31,658 - model.pytorch.supervisor - INFO - Val loss decrease from 271.8413 to 266.1608.
2023-03-04 12:46:33,779 - model.pytorch.supervisor - INFO - epoch complete
2023-03-04 12:46:33,780 - model.pytorch.supervisor - INFO - evaluating now!
2023-03-04 12:46:34,035 - model.pytorch.supervisor - INFO - Epoch [6/2000] (49) train_loss: 4.4723, l1_nll: 2.3289, l1_kld: 0.0231, l2_nll: 2.1179, l2_kld: 0.0023, val_mae: 428.6871, lr: 0.001000, 0.7s
2023-03-04 12:46:34,467 - model.pytorch.supervisor - INFO - Epoch [6/2000] (49) test_nll: 2.0885, test_mae: 1.4840, test_non_mae: 528.6161, lr: 0.001000, 0.7s
2023-03-04 12:46:36,574 - model.pytorch.supervisor - INFO - epoch complete
2023-03-04 12:46:36,574 - model.pytorch.supervisor - INFO - evaluating now!
2023-03-04 12:46:36,886 - model.pytorch.supervisor - INFO - Epoch [7/2000] (56) train_loss: 3.8317, l1_nll: 2.0011, l1_kld: 0.0038, l2_nll: 1.8267, l2_kld: 0.0002, val_mae: 254.8272, lr: 0.001000, 0.8s
2023-03-04 12:46:37,375 - model.pytorch.supervisor - INFO - Epoch [7/2000] (56) test_nll: 1.6734, test_mae: 0.8896, test_non_mae: 323.6295, lr: 0.001000, 0.8s
2023-03-04 12:46:37,375 - model.pytorch.supervisor - INFO - Val loss decrease from 266.1608 to 254.8272.
2023-03-04 12:46:39,478 - model.pytorch.supervisor - INFO - epoch complete
2023-03-04 12:46:39,479 - model.pytorch.supervisor - INFO - evaluating now!
2023-03-04 12:46:39,739 - model.pytorch.supervisor - INFO - Epoch [8/2000] (63) train_loss: 3.5232, l1_nll: 1.8995, l1_kld: 0.0007, l2_nll: 1.6230, l2_kld: 0.0000, val_mae: 244.3983, lr: 0.001000, 0.7s
2023-03-04 12:46:40,169 - model.pytorch.supervisor - INFO - Epoch [8/2000] (63) test_nll: 1.5761, test_mae: 0.7519, test_non_mae: 311.6829, lr: 0.001000, 0.7s
2023-03-04 12:46:40,169 - model.pytorch.supervisor - INFO - Val loss decrease from 254.8272 to 244.3983.
2023-03-04 12:46:42,250 - model.pytorch.supervisor - INFO - epoch complete
2023-03-04 12:46:42,250 - model.pytorch.supervisor - INFO - evaluating now!
2023-03-04 12:46:42,489 - model.pytorch.supervisor - INFO - Epoch [9/2000] (70) train_loss: 3.3705, l1_nll: 1.8138, l1_kld: 0.0014, l2_nll: 1.5552, l2_kld: 0.0000, val_mae: 239.1109, lr: 0.001000, 0.7s
2023-03-04 12:46:42,928 - model.pytorch.supervisor - INFO - Epoch [9/2000] (70) test_nll: 1.5139, test_mae: 0.6953, test_non_mae: 306.4955, lr: 0.001000, 0.7s
2023-03-04 12:46:42,928 - model.pytorch.supervisor - INFO - Val loss decrease from 244.3983 to 239.1109.
2023-03-04 12:46:45,048 - model.pytorch.supervisor - INFO - epoch complete
2023-03-04 12:46:45,048 - model.pytorch.supervisor - INFO - evaluating now!
2023-03-04 12:46:45,284 - model.pytorch.supervisor - INFO - Epoch [10/2000] (77) train_loss: 3.2461, l1_nll: 1.7732, l1_kld: 0.0006, l2_nll: 1.4722, l2_kld: 0.0000, val_mae: 233.6263, lr: 0.001000, 0.7s
2023-03-04 12:46:45,716 - model.pytorch.supervisor - INFO - Epoch [10/2000] (77) test_nll: 1.4553, test_mae: 0.6736, test_non_mae: 303.6973, lr: 0.001000, 0.7s
2023-03-04 12:46:45,716 - model.pytorch.supervisor - INFO - Val loss decrease from 239.1109 to 233.6263.
2023-03-04 12:46:47,913 - model.pytorch.supervisor - INFO - epoch complete
2023-03-04 12:46:47,914 - model.pytorch.supervisor - INFO - evaluating now!
2023-03-04 12:46:48,165 - model.pytorch.supervisor - INFO - Epoch [11/2000] (84) train_loss: 3.1155, l1_nll: 1.7217, l1_kld: 0.0005, l2_nll: 1.3933, l2_kld: 0.0000, val_mae: 230.1943, lr: 0.001000, 0.7s
2023-03-04 12:46:48,599 - model.pytorch.supervisor - INFO - Epoch [11/2000] (84) test_nll: 1.3915, test_mae: 0.6678, test_non_mae: 307.3430, lr: 0.001000, 0.7s
2023-03-04 12:46:48,599 - model.pytorch.supervisor - INFO - Val loss decrease from 233.6263 to 230.1943.
2023-03-04 12:46:50,771 - model.pytorch.supervisor - INFO - epoch complete
2023-03-04 12:46:50,771 - model.pytorch.supervisor - INFO - evaluating now!
2023-03-04 12:46:51,017 - model.pytorch.supervisor - INFO - Epoch [12/2000] (91) train_loss: 2.9679, l1_nll: 1.6614, l1_kld: 0.0007, l2_nll: 1.3058, l2_kld: 0.0000, val_mae: 225.8876, lr: 0.001000, 0.7s
2023-03-04 12:46:51,461 - model.pytorch.supervisor - INFO - Epoch [12/2000] (91) test_nll: 1.3175, test_mae: 0.6331, test_non_mae: 305.3003, lr: 0.001000, 0.7s
2023-03-04 12:46:51,461 - model.pytorch.supervisor - INFO - Val loss decrease from 230.1943 to 225.8876.
2023-03-04 12:46:53,672 - model.pytorch.supervisor - INFO - epoch complete
2023-03-04 12:46:53,673 - model.pytorch.supervisor - INFO - evaluating now!
2023-03-04 12:46:53,909 - model.pytorch.supervisor - INFO - Epoch [13/2000] (98) train_loss: 2.8388, l1_nll: 1.6226, l1_kld: 0.0007, l2_nll: 1.2155, l2_kld: 0.0000, val_mae: 222.4547, lr: 0.001000, 0.7s
2023-03-04 12:46:54,345 - model.pytorch.supervisor - INFO - Epoch [13/2000] (98) test_nll: 1.2694, test_mae: 0.6160, test_non_mae: 310.8192, lr: 0.001000, 0.7s
2023-03-04 12:46:54,345 - model.pytorch.supervisor - INFO - Val loss decrease from 225.8876 to 222.4547.
2023-03-04 12:46:56,516 - model.pytorch.supervisor - INFO - epoch complete
2023-03-04 12:46:56,517 - model.pytorch.supervisor - INFO - evaluating now!
2023-03-04 12:46:56,742 - model.pytorch.supervisor - INFO - Epoch [14/2000] (105) train_loss: 2.6818, l1_nll: 1.5612, l1_kld: 0.0018, l2_nll: 1.1188, l2_kld: 0.0000, val_mae: 218.0837, lr: 0.001000, 0.7s
2023-03-04 12:46:57,187 - model.pytorch.supervisor - INFO - Epoch [14/2000] (105) test_nll: 1.3350, test_mae: 0.6085, test_non_mae: 319.6439, lr: 0.001000, 0.7s
2023-03-04 12:46:57,187 - model.pytorch.supervisor - INFO - Val loss decrease from 222.4547 to 218.0837.
2023-03-04 12:46:59,308 - model.pytorch.supervisor - INFO - epoch complete
2023-03-04 12:46:59,308 - model.pytorch.supervisor - INFO - evaluating now!
2023-03-04 12:46:59,637 - model.pytorch.supervisor - INFO - Epoch [15/2000] (112) train_loss: 2.5805, l1_nll: 1.5492, l1_kld: 0.0007, l2_nll: 1.0306, l2_kld: 0.0000, val_mae: 207.0095, lr: 0.001000, 0.8s
2023-03-04 12:47:00,121 - model.pytorch.supervisor - INFO - Epoch [15/2000] (112) test_nll: 1.5515, test_mae: 0.6035, test_non_mae: 306.4135, lr: 0.001000, 0.8s
2023-03-04 12:47:00,121 - model.pytorch.supervisor - INFO - Val loss decrease from 218.0837 to 207.0095.
2023-03-04 12:47:02,259 - model.pytorch.supervisor - INFO - epoch complete
2023-03-04 12:47:02,259 - model.pytorch.supervisor - INFO - evaluating now!
2023-03-04 12:47:02,564 - model.pytorch.supervisor - INFO - Epoch [16/2000] (119) train_loss: 2.4654, l1_nll: 1.5100, l1_kld: 0.0005, l2_nll: 0.9549, l2_kld: 0.0000, val_mae: 194.2979, lr: 0.001000, 0.8s
2023-03-04 12:47:03,047 - model.pytorch.supervisor - INFO - Epoch [16/2000] (119) test_nll: 1.6978, test_mae: 0.5932, test_non_mae: 271.6860, lr: 0.001000, 0.8s
2023-03-04 12:47:03,047 - model.pytorch.supervisor - INFO - Val loss decrease from 207.0095 to 194.2979.
2023-03-04 12:47:05,162 - model.pytorch.supervisor - INFO - epoch complete
2023-03-04 12:47:05,162 - model.pytorch.supervisor - INFO - evaluating now!
2023-03-04 12:47:05,407 - model.pytorch.supervisor - INFO - Epoch [17/2000] (126) train_loss: 2.3953, l1_nll: 1.5029, l1_kld: 0.0014, l2_nll: 0.8910, l2_kld: 0.0000, val_mae: 186.8198, lr: 0.001000, 0.7s
2023-03-04 12:47:05,851 - model.pytorch.supervisor - INFO - Epoch [17/2000] (126) test_nll: 1.8722, test_mae: 0.5881, test_non_mae: 253.2245, lr: 0.001000, 0.7s
2023-03-04 12:47:05,851 - model.pytorch.supervisor - INFO - Val loss decrease from 194.2979 to 186.8198.
2023-03-04 12:47:08,010 - model.pytorch.supervisor - INFO - epoch complete
2023-03-04 12:47:08,010 - model.pytorch.supervisor - INFO - evaluating now!
2023-03-04 12:47:08,288 - model.pytorch.supervisor - INFO - Epoch [18/2000] (133) train_loss: 2.3001, l1_nll: 1.4698, l1_kld: 0.0005, l2_nll: 0.8298, l2_kld: 0.0000, val_mae: 187.6534, lr: 0.001000, 0.8s
2023-03-04 12:47:08,760 - model.pytorch.supervisor - INFO - Epoch [18/2000] (133) test_nll: 1.7491, test_mae: 0.5758, test_non_mae: 243.3325, lr: 0.001000, 0.8s
2023-03-04 12:47:10,838 - model.pytorch.supervisor - INFO - epoch complete
2023-03-04 12:47:10,838 - model.pytorch.supervisor - INFO - evaluating now!
2023-03-04 12:47:11,156 - model.pytorch.supervisor - INFO - Epoch [19/2000] (140) train_loss: 2.2275, l1_nll: 1.4476, l1_kld: 0.0004, l2_nll: 0.7795, l2_kld: 0.0000, val_mae: 185.7355, lr: 0.001000, 0.8s
2023-03-04 12:47:11,649 - model.pytorch.supervisor - INFO - Epoch [19/2000] (140) test_nll: 1.9002, test_mae: 0.5848, test_non_mae: 245.4375, lr: 0.001000, 0.8s
2023-03-04 12:47:11,649 - model.pytorch.supervisor - INFO - Val loss decrease from 186.8198 to 185.7355.
2023-03-04 12:47:13,749 - model.pytorch.supervisor - INFO - epoch complete
2023-03-04 12:47:13,749 - model.pytorch.supervisor - INFO - evaluating now!
2023-03-04 12:47:14,065 - model.pytorch.supervisor - INFO - Epoch [20/2000] (147) train_loss: 2.1734, l1_nll: 1.4350, l1_kld: 0.0012, l2_nll: 0.7372, l2_kld: 0.0000, val_mae: 183.5175, lr: 0.001000, 0.8s
2023-03-04 12:47:14,547 - model.pytorch.supervisor - INFO - Epoch [20/2000] (147) test_nll: 2.2122, test_mae: 0.5831, test_non_mae: 251.0827, lr: 0.001000, 0.8s
2023-03-04 12:47:14,547 - model.pytorch.supervisor - INFO - Val loss decrease from 185.7355 to 183.5175.
2023-03-04 12:47:16,706 - model.pytorch.supervisor - INFO - epoch complete
2023-03-04 12:47:16,706 - model.pytorch.supervisor - INFO - evaluating now!
2023-03-04 12:47:16,938 - model.pytorch.supervisor - INFO - Epoch [21/2000] (154) train_loss: 2.0955, l1_nll: 1.3863, l1_kld: 0.0003, l2_nll: 0.7089, l2_kld: 0.0000, val_mae: 179.8697, lr: 0.001000, 0.7s
2023-03-04 12:47:17,368 - model.pytorch.supervisor - INFO - Epoch [21/2000] (154) test_nll: 2.8340, test_mae: 0.5838, test_non_mae: 267.7641, lr: 0.001000, 0.7s
2023-03-04 12:47:17,368 - model.pytorch.supervisor - INFO - Val loss decrease from 183.5175 to 179.8697.
2023-03-04 12:47:19,570 - model.pytorch.supervisor - INFO - epoch complete
2023-03-04 12:47:19,570 - model.pytorch.supervisor - INFO - evaluating now!
2023-03-04 12:47:19,835 - model.pytorch.supervisor - INFO - Epoch [22/2000] (161) train_loss: 2.0615, l1_nll: 1.3913, l1_kld: 0.0004, l2_nll: 0.6697, l2_kld: 0.0001, val_mae: 179.5567, lr: 0.001000, 0.8s
2023-03-04 12:47:20,296 - model.pytorch.supervisor - INFO - Epoch [22/2000] (161) test_nll: 3.3322, test_mae: 0.5665, test_non_mae: 276.6278, lr: 0.001000, 0.8s
2023-03-04 12:47:20,296 - model.pytorch.supervisor - INFO - Val loss decrease from 179.8697 to 179.5567.
2023-03-04 12:47:22,467 - model.pytorch.supervisor - INFO - epoch complete
2023-03-04 12:47:22,467 - model.pytorch.supervisor - INFO - evaluating now!
2023-03-04 12:47:22,718 - model.pytorch.supervisor - INFO - Epoch [23/2000] (168) train_loss: 2.0089, l1_nll: 1.3578, l1_kld: 0.0002, l2_nll: 0.6508, l2_kld: 0.0001, val_mae: 181.5890, lr: 0.001000, 0.7s
2023-03-04 12:47:23,146 - model.pytorch.supervisor - INFO - Epoch [23/2000] (168) test_nll: 4.4165, test_mae: 0.5677, test_non_mae: 316.5036, lr: 0.001000, 0.7s
2023-03-04 12:47:25,342 - model.pytorch.supervisor - INFO - epoch complete
2023-03-04 12:47:25,343 - model.pytorch.supervisor - INFO - evaluating now!
2023-03-04 12:47:25,687 - model.pytorch.supervisor - INFO - Epoch [24/2000] (175) train_loss: 1.9747, l1_nll: 1.3416, l1_kld: 0.0004, l2_nll: 0.6326, l2_kld: 0.0001, val_mae: 190.2335, lr: 0.001000, 0.8s
2023-03-04 12:47:26,201 - model.pytorch.supervisor - INFO - Epoch [24/2000] (175) test_nll: 5.6752, test_mae: 0.5668, test_non_mae: 377.9648, lr: 0.001000, 0.8s
2023-03-04 12:47:28,372 - model.pytorch.supervisor - INFO - epoch complete
2023-03-04 12:47:28,372 - model.pytorch.supervisor - INFO - evaluating now!
2023-03-04 12:47:28,673 - model.pytorch.supervisor - INFO - Epoch [25/2000] (182) train_loss: 1.9198, l1_nll: 1.3121, l1_kld: 0.0005, l2_nll: 0.6071, l2_kld: 0.0001, val_mae: 204.1282, lr: 0.001000, 0.8s
2023-03-04 12:47:29,209 - model.pytorch.supervisor - INFO - Epoch [25/2000] (182) test_nll: 6.5240, test_mae: 0.5574, test_non_mae: 460.3474, lr: 0.001000, 0.8s
2023-03-04 12:47:31,379 - model.pytorch.supervisor - INFO - epoch complete
2023-03-04 12:47:31,380 - model.pytorch.supervisor - INFO - evaluating now!
2023-03-04 12:47:31,736 - model.pytorch.supervisor - INFO - Epoch [26/2000] (189) train_loss: 1.8940, l1_nll: 1.3035, l1_kld: 0.0002, l2_nll: 0.5902, l2_kld: 0.0001, val_mae: 253.8009, lr: 0.001000, 0.9s
2023-03-04 12:47:32,332 - model.pytorch.supervisor - INFO - Epoch [26/2000] (189) test_nll: 9.4560, test_mae: 0.5629, test_non_mae: 693.3157, lr: 0.001000, 0.9s
2023-03-04 12:47:34,466 - model.pytorch.supervisor - INFO - epoch complete
2023-03-04 12:47:34,466 - model.pytorch.supervisor - INFO - evaluating now!
2023-03-04 12:47:34,769 - model.pytorch.supervisor - INFO - Epoch [27/2000] (196) train_loss: 1.8590, l1_nll: 1.2800, l1_kld: 0.0003, l2_nll: 0.5786, l2_kld: 0.0001, val_mae: 301.7246, lr: 0.001000, 0.8s
2023-03-04 12:47:35,288 - model.pytorch.supervisor - INFO - Epoch [27/2000] (196) test_nll: 11.4031, test_mae: 0.5401, test_non_mae: 921.1998, lr: 0.001000, 0.8s
2023-03-04 12:47:37,459 - model.pytorch.supervisor - INFO - epoch complete
2023-03-04 12:47:37,460 - model.pytorch.supervisor - INFO - evaluating now!
2023-03-04 12:47:37,701 - model.pytorch.supervisor - INFO - Epoch [28/2000] (203) train_loss: 1.8090, l1_nll: 1.2473, l1_kld: 0.0001, l2_nll: 0.5615, l2_kld: 0.0001, val_mae: 421.3543, lr: 0.001000, 0.8s
2023-03-04 12:47:38,149 - model.pytorch.supervisor - INFO - Epoch [28/2000] (203) test_nll: 16.3472, test_mae: 0.5390, test_non_mae: 1465.6757, lr: 0.001000, 0.8s
2023-03-04 12:47:40,279 - model.pytorch.supervisor - INFO - epoch complete
2023-03-04 12:47:40,280 - model.pytorch.supervisor - INFO - evaluating now!
2023-03-04 12:47:40,525 - model.pytorch.supervisor - INFO - Epoch [29/2000] (210) train_loss: 1.7441, l1_nll: 1.2011, l1_kld: 0.0004, l2_nll: 0.5423, l2_kld: 0.0003, val_mae: 683.1249, lr: 0.001000, 0.7s
2023-03-04 12:47:40,963 - model.pytorch.supervisor - INFO - Epoch [29/2000] (210) test_nll: 27.4993, test_mae: 0.5517, test_non_mae: 2792.5334, lr: 0.001000, 0.7s
2023-03-04 12:47:43,093 - model.pytorch.supervisor - INFO - epoch complete
2023-03-04 12:47:43,093 - model.pytorch.supervisor - INFO - evaluating now!
2023-03-04 12:47:43,348 - model.pytorch.supervisor - INFO - Epoch [30/2000] (217) train_loss: 1.6997, l1_nll: 1.1785, l1_kld: 0.0003, l2_nll: 0.5208, l2_kld: 0.0002, val_mae: 1028.9550, lr: 0.001000, 0.7s
2023-03-04 12:47:43,784 - model.pytorch.supervisor - INFO - Epoch [30/2000] (217) test_nll: 44.8334, test_mae: 0.5308, test_non_mae: 4801.4639, lr: 0.001000, 0.7s
2023-03-04 12:47:45,899 - model.pytorch.supervisor - INFO - epoch complete
2023-03-04 12:47:45,899 - model.pytorch.supervisor - INFO - evaluating now!
2023-03-04 12:47:46,151 - model.pytorch.supervisor - INFO - Epoch [31/2000] (224) train_loss: 1.6490, l1_nll: 1.1299, l1_kld: 0.0001, l2_nll: 0.5186, l2_kld: 0.0003, val_mae: 1701.7391, lr: 0.001000, 0.7s
2023-03-04 12:47:46,584 - model.pytorch.supervisor - INFO - Epoch [31/2000] (224) test_nll: 74.6604, test_mae: 0.5297, test_non_mae: 9222.1133, lr: 0.001000, 0.7s
2023-03-04 12:47:48,773 - model.pytorch.supervisor - INFO - epoch complete
2023-03-04 12:47:48,773 - model.pytorch.supervisor - INFO - evaluating now!
2023-03-04 12:47:49,017 - model.pytorch.supervisor - INFO - Epoch [32/2000] (231) train_loss: 1.5956, l1_nll: 1.1126, l1_kld: 0.0002, l2_nll: 0.4824, l2_kld: 0.0004, val_mae: 2774.3486, lr: 0.001000, 0.7s
2023-03-04 12:47:49,452 - model.pytorch.supervisor - INFO - Epoch [32/2000] (231) test_nll: 164.7503, test_mae: 0.5143, test_non_mae: 17995.4961, lr: 0.001000, 0.7s
2023-03-04 12:47:51,690 - model.pytorch.supervisor - INFO - epoch complete
2023-03-04 12:47:51,690 - model.pytorch.supervisor - INFO - evaluating now!
2023-03-04 12:47:51,948 - model.pytorch.supervisor - INFO - Epoch [33/2000] (238) train_loss: 1.5631, l1_nll: 1.0888, l1_kld: 0.0002, l2_nll: 0.4740, l2_kld: 0.0001, val_mae: 6711.2793, lr: 0.001000, 0.8s
2023-03-04 12:47:52,391 - model.pytorch.supervisor - INFO - Epoch [33/2000] (238) test_nll: 379.7832, test_mae: 0.5150, test_non_mae: 54159.7148, lr: 0.001000, 0.8s
2023-03-04 12:47:54,586 - model.pytorch.supervisor - INFO - epoch complete
2023-03-04 12:47:54,586 - model.pytorch.supervisor - INFO - evaluating now!
2023-03-04 12:47:54,892 - model.pytorch.supervisor - INFO - Epoch [34/2000] (245) train_loss: 1.5011, l1_nll: 1.0598, l1_kld: 0.0002, l2_nll: 0.4410, l2_kld: 0.0001, val_mae: 14997.8965, lr: 0.001000, 0.8s
2023-03-04 12:47:55,388 - model.pytorch.supervisor - INFO - Epoch [34/2000] (245) test_nll: 967.8132, test_mae: 0.5199, test_non_mae: 149516.1875, lr: 0.001000, 0.8s
2023-03-04 12:47:57,573 - model.pytorch.supervisor - INFO - epoch complete
2023-03-04 12:47:57,573 - model.pytorch.supervisor - INFO - evaluating now!
2023-03-04 12:47:57,904 - model.pytorch.supervisor - INFO - Epoch [35/2000] (252) train_loss: 1.4674, l1_nll: 1.0580, l1_kld: 0.0006, l2_nll: 0.4086, l2_kld: 0.0001, val_mae: 30148.6328, lr: 0.001000, 0.9s
2023-03-04 12:47:58,414 - model.pytorch.supervisor - INFO - Epoch [35/2000] (252) test_nll: 1498.5869, test_mae: 0.5145, test_non_mae: 355136.7500, lr: 0.001000, 0.9s
2023-03-04 12:48:00,593 - model.pytorch.supervisor - INFO - epoch complete
2023-03-04 12:48:00,593 - model.pytorch.supervisor - INFO - evaluating now!
2023-03-04 12:48:00,913 - model.pytorch.supervisor - INFO - Epoch [36/2000] (259) train_loss: 1.4377, l1_nll: 1.0495, l1_kld: 0.0002, l2_nll: 0.3880, l2_kld: 0.0000, val_mae: 49188.2383, lr: 0.001000, 0.9s
2023-03-04 12:48:01,426 - model.pytorch.supervisor - INFO - Epoch [36/2000] (259) test_nll: 1741.2649, test_mae: 0.5121, test_non_mae: 664696.0625, lr: 0.001000, 0.9s
2023-03-04 12:48:03,547 - model.pytorch.supervisor - INFO - epoch complete
2023-03-04 12:48:03,547 - model.pytorch.supervisor - INFO - evaluating now!
2023-03-04 12:48:03,810 - model.pytorch.supervisor - INFO - Epoch [37/2000] (266) train_loss: 1.4039, l1_nll: 1.0259, l1_kld: 0.0003, l2_nll: 0.3775, l2_kld: 0.0002, val_mae: 72579.6406, lr: 0.001000, 0.7s
2023-03-04 12:48:04,273 - model.pytorch.supervisor - INFO - Epoch [37/2000] (266) test_nll: 2300.1917, test_mae: 0.5028, test_non_mae: 1064077.2500, lr: 0.001000, 0.7s
2023-03-04 12:48:06,447 - model.pytorch.supervisor - INFO - epoch complete
2023-03-04 12:48:06,447 - model.pytorch.supervisor - INFO - evaluating now!
2023-03-04 12:48:06,729 - model.pytorch.supervisor - INFO - Epoch [38/2000] (273) train_loss: 1.3913, l1_nll: 1.0277, l1_kld: 0.0001, l2_nll: 0.3633, l2_kld: 0.0001, val_mae: 95698.8594, lr: 0.001000, 0.8s
2023-03-04 12:48:07,218 - model.pytorch.supervisor - INFO - Epoch [38/2000] (273) test_nll: 3276.2864, test_mae: 0.5010, test_non_mae: 1518080.3750, lr: 0.001000, 0.8s
2023-03-04 12:48:09,410 - model.pytorch.supervisor - INFO - epoch complete
2023-03-04 12:48:09,410 - model.pytorch.supervisor - INFO - evaluating now!
2023-03-04 12:48:09,695 - model.pytorch.supervisor - INFO - Epoch [39/2000] (280) train_loss: 1.3565, l1_nll: 1.0006, l1_kld: 0.0002, l2_nll: 0.3554, l2_kld: 0.0003, val_mae: 105548.5469, lr: 0.001000, 0.8s
2023-03-04 12:48:10,182 - model.pytorch.supervisor - INFO - Epoch [39/2000] (280) test_nll: 3002.8210, test_mae: 0.4901, test_non_mae: 1689107.2500, lr: 0.001000, 0.8s
2023-03-04 12:48:12,382 - model.pytorch.supervisor - INFO - epoch complete
2023-03-04 12:48:12,383 - model.pytorch.supervisor - INFO - evaluating now!
2023-03-04 12:48:12,727 - model.pytorch.supervisor - INFO - Epoch [40/2000] (287) train_loss: 1.3505, l1_nll: 1.0149, l1_kld: 0.0002, l2_nll: 0.3353, l2_kld: 0.0001, val_mae: 127055.2500, lr: 0.001000, 0.9s
2023-03-04 12:48:13,237 - model.pytorch.supervisor - INFO - Epoch [40/2000] (287) test_nll: 3148.8301, test_mae: 0.4892, test_non_mae: 2102602.7500, lr: 0.001000, 0.9s
2023-03-04 12:48:15,428 - model.pytorch.supervisor - INFO - epoch complete
2023-03-04 12:48:15,429 - model.pytorch.supervisor - INFO - evaluating now!
2023-03-04 12:48:15,731 - model.pytorch.supervisor - INFO - Epoch [41/2000] (294) train_loss: 1.2975, l1_nll: 0.9858, l1_kld: 0.0002, l2_nll: 0.3113, l2_kld: 0.0002, val_mae: 181547.8281, lr: 0.001000, 0.8s
2023-03-04 12:48:16,227 - model.pytorch.supervisor - INFO - Epoch [41/2000] (294) test_nll: 3493.4089, test_mae: 0.4976, test_non_mae: 3260613.0000, lr: 0.001000, 0.8s
2023-03-04 12:48:18,435 - model.pytorch.supervisor - INFO - epoch complete
2023-03-04 12:48:18,436 - model.pytorch.supervisor - INFO - evaluating now!
2023-03-04 12:48:18,734 - model.pytorch.supervisor - INFO - Epoch [42/2000] (301) train_loss: 1.2970, l1_nll: 0.9808, l1_kld: 0.0001, l2_nll: 0.3160, l2_kld: 0.0001, val_mae: 163178.0938, lr: 0.001000, 0.8s
2023-03-04 12:48:19,248 - model.pytorch.supervisor - INFO - Epoch [42/2000] (301) test_nll: 2677.9409, test_mae: 0.4790, test_non_mae: 2916131.0000, lr: 0.001000, 0.8s
2023-03-04 12:48:21,433 - model.pytorch.supervisor - INFO - epoch complete
2023-03-04 12:48:21,433 - model.pytorch.supervisor - INFO - evaluating now!
2023-03-04 12:48:21,752 - model.pytorch.supervisor - INFO - Epoch [43/2000] (308) train_loss: 1.2834, l1_nll: 0.9798, l1_kld: 0.0001, l2_nll: 0.3034, l2_kld: 0.0001, val_mae: 207736.9062, lr: 0.001000, 0.9s
2023-03-04 12:48:22,249 - model.pytorch.supervisor - INFO - Epoch [43/2000] (308) test_nll: 2366.4429, test_mae: 0.4856, test_non_mae: 3942443.0000, lr: 0.001000, 0.9s
2023-03-04 12:48:24,362 - model.pytorch.supervisor - INFO - epoch complete
2023-03-04 12:48:24,363 - model.pytorch.supervisor - INFO - evaluating now!
2023-03-04 12:48:24,607 - model.pytorch.supervisor - INFO - Epoch [44/2000] (315) train_loss: 1.2401, l1_nll: 0.9535, l1_kld: 0.0002, l2_nll: 0.2864, l2_kld: 0.0001, val_mae: 266743.5000, lr: 0.001000, 0.7s
2023-03-04 12:48:25,046 - model.pytorch.supervisor - INFO - Epoch [44/2000] (315) test_nll: 2595.9299, test_mae: 0.4811, test_non_mae: 5442992.0000, lr: 0.001000, 0.7s
2023-03-04 12:48:27,211 - model.pytorch.supervisor - INFO - epoch complete
2023-03-04 12:48:27,211 - model.pytorch.supervisor - INFO - evaluating now!
