2023-02-14 19:43:39,972 - model.pytorch.supervisor - INFO - Log directory: data/model/model_lr_0.001_bs_128_0214194339_42/
2023-02-14 19:43:42,190 - model.pytorch.supervisor - INFO - Model created
2023-02-14 19:43:42,207 - model.pytorch.supervisor - INFO - Start training ...
2023-02-14 19:43:42,207 - model.pytorch.supervisor - INFO - num_batches:7
2023-02-14 19:43:44,391 - model.pytorch.supervisor - INFO - Total trainable parameters 32360
2023-02-14 19:43:45,112 - model.pytorch.supervisor - INFO - epoch complete
2023-02-14 19:43:45,112 - model.pytorch.supervisor - INFO - evaluating now!
2023-02-14 19:43:45,654 - model.pytorch.supervisor - INFO - Epoch [0/250] (7) train_loss: 12.2858, l2_nll: 12.2858, l2_kld: 0.0000, val_mae: 274.8947, lr: 0.001000, 1.3s
2023-02-14 19:43:46,461 - model.pytorch.supervisor - INFO - Epoch [0/250] (7) test_nll: 10.8049, test_mae: 3.4672, test_non_mae: 341.9237, lr: 0.001000, 1.3s
2023-02-14 19:43:46,463 - model.pytorch.supervisor - INFO - Val loss decrease from inf to 274.8947.
2023-02-14 19:43:49,267 - model.pytorch.supervisor - INFO - epoch complete
2023-02-14 19:43:49,267 - model.pytorch.supervisor - INFO - evaluating now!
2023-02-14 19:43:49,757 - model.pytorch.supervisor - INFO - Epoch [1/250] (14) train_loss: 11.7197, l2_nll: 11.7197, l2_kld: 0.0000, val_mae: 274.8215, lr: 0.001000, 1.2s
2023-02-14 19:43:50,690 - model.pytorch.supervisor - INFO - Epoch [1/250] (14) test_nll: 10.1173, test_mae: 3.4041, test_non_mae: 341.8509, lr: 0.001000, 1.2s
2023-02-14 19:43:50,690 - model.pytorch.supervisor - INFO - Val loss decrease from 274.8947 to 274.8215.
2023-02-14 19:43:54,024 - model.pytorch.supervisor - INFO - epoch complete
2023-02-14 19:43:54,025 - model.pytorch.supervisor - INFO - evaluating now!
2023-02-14 19:43:54,550 - model.pytorch.supervisor - INFO - Epoch [2/250] (21) train_loss: 10.6128, l2_nll: 10.6128, l2_kld: 0.0000, val_mae: 274.6324, lr: 0.001000, 1.7s
2023-02-14 19:43:55,490 - model.pytorch.supervisor - INFO - Epoch [2/250] (21) test_nll: 8.8008, test_mae: 3.2634, test_non_mae: 341.6625, lr: 0.001000, 1.7s
2023-02-14 19:43:55,490 - model.pytorch.supervisor - INFO - Val loss decrease from 274.8215 to 274.6324.
2023-02-14 19:43:58,426 - model.pytorch.supervisor - INFO - epoch complete
2023-02-14 19:43:58,426 - model.pytorch.supervisor - INFO - evaluating now!
2023-02-14 19:43:58,912 - model.pytorch.supervisor - INFO - Epoch [3/250] (28) train_loss: 8.5965, l2_nll: 8.5965, l2_kld: 0.0000, val_mae: 273.9191, lr: 0.001000, 1.2s
2023-02-14 19:43:59,788 - model.pytorch.supervisor - INFO - Epoch [3/250] (28) test_nll: 6.2460, test_mae: 2.8910, test_non_mae: 340.9506, lr: 0.001000, 1.2s
2023-02-14 19:43:59,788 - model.pytorch.supervisor - INFO - Val loss decrease from 274.6324 to 273.9191.
2023-02-14 19:44:02,754 - model.pytorch.supervisor - INFO - epoch complete
2023-02-14 19:44:02,755 - model.pytorch.supervisor - INFO - evaluating now!
2023-02-14 19:44:03,254 - model.pytorch.supervisor - INFO - Epoch [4/250] (35) train_loss: 5.2014, l2_nll: 5.2014, l2_kld: 0.0000, val_mae: 269.6773, lr: 0.001000, 1.3s
2023-02-14 19:44:04,083 - model.pytorch.supervisor - INFO - Epoch [4/250] (35) test_nll: 2.9554, test_mae: 1.9111, test_non_mae: 336.7089, lr: 0.001000, 1.3s
2023-02-14 19:44:04,083 - model.pytorch.supervisor - INFO - Val loss decrease from 273.9191 to 269.6773.
2023-02-14 19:44:07,057 - model.pytorch.supervisor - INFO - epoch complete
2023-02-14 19:44:07,057 - model.pytorch.supervisor - INFO - evaluating now!
2023-02-14 19:44:07,563 - model.pytorch.supervisor - INFO - Epoch [5/250] (42) train_loss: 2.4251, l2_nll: 2.4242, l2_kld: 0.0009, val_mae: 380.1509, lr: 0.001000, 1.3s
2023-02-14 19:44:08,397 - model.pytorch.supervisor - INFO - Epoch [5/250] (42) test_nll: 2.3071, test_mae: 1.7401, test_non_mae: 449.8700, lr: 0.001000, 1.3s
2023-02-14 19:44:11,378 - model.pytorch.supervisor - INFO - epoch complete
2023-02-14 19:44:11,379 - model.pytorch.supervisor - INFO - evaluating now!
2023-02-14 19:44:11,986 - model.pytorch.supervisor - INFO - Epoch [6/250] (49) train_loss: 2.2084, l2_nll: 2.2079, l2_kld: 0.0005, val_mae: 328.3771, lr: 0.001000, 1.4s
2023-02-14 19:44:12,936 - model.pytorch.supervisor - INFO - Epoch [6/250] (49) test_nll: 2.0105, test_mae: 1.4698, test_non_mae: 398.4065, lr: 0.001000, 1.4s
2023-02-14 19:44:15,955 - model.pytorch.supervisor - INFO - epoch complete
2023-02-14 19:44:15,956 - model.pytorch.supervisor - INFO - evaluating now!
2023-02-14 19:44:16,446 - model.pytorch.supervisor - INFO - Epoch [7/250] (56) train_loss: 1.7781, l2_nll: 1.7777, l2_kld: 0.0004, val_mae: 253.4819, lr: 0.001000, 1.3s
2023-02-14 19:44:17,308 - model.pytorch.supervisor - INFO - Epoch [7/250] (56) test_nll: 1.6887, test_mae: 0.8902, test_non_mae: 322.6816, lr: 0.001000, 1.3s
2023-02-14 19:44:17,308 - model.pytorch.supervisor - INFO - Val loss decrease from 269.6773 to 253.4819.
2023-02-14 19:44:20,262 - model.pytorch.supervisor - INFO - epoch complete
2023-02-14 19:44:20,263 - model.pytorch.supervisor - INFO - evaluating now!
2023-02-14 19:44:20,795 - model.pytorch.supervisor - INFO - Epoch [8/250] (63) train_loss: 1.6584, l2_nll: 1.6584, l2_kld: 0.0000, val_mae: 249.6726, lr: 0.001000, 1.3s
2023-02-14 19:44:21,656 - model.pytorch.supervisor - INFO - Epoch [8/250] (63) test_nll: 1.6280, test_mae: 0.8106, test_non_mae: 318.2560, lr: 0.001000, 1.3s
2023-02-14 19:44:21,656 - model.pytorch.supervisor - INFO - Val loss decrease from 253.4819 to 249.6726.
2023-02-14 19:44:24,467 - model.pytorch.supervisor - INFO - epoch complete
2023-02-14 19:44:24,467 - model.pytorch.supervisor - INFO - evaluating now!
2023-02-14 19:44:24,920 - model.pytorch.supervisor - INFO - Epoch [9/250] (70) train_loss: 1.5975, l2_nll: 1.5975, l2_kld: 0.0000, val_mae: 244.9651, lr: 0.001000, 1.2s
2023-02-14 19:44:25,797 - model.pytorch.supervisor - INFO - Epoch [9/250] (70) test_nll: 1.5620, test_mae: 0.7242, test_non_mae: 313.9148, lr: 0.001000, 1.2s
2023-02-14 19:44:25,797 - model.pytorch.supervisor - INFO - Val loss decrease from 249.6726 to 244.9651.
2023-02-14 19:44:28,612 - model.pytorch.supervisor - INFO - epoch complete
2023-02-14 19:44:28,612 - model.pytorch.supervisor - INFO - evaluating now!
2023-02-14 19:44:29,069 - model.pytorch.supervisor - INFO - Epoch [10/250] (77) train_loss: 1.5144, l2_nll: 1.5144, l2_kld: 0.0000, val_mae: 241.7380, lr: 0.001000, 1.2s
2023-02-14 19:44:29,896 - model.pytorch.supervisor - INFO - Epoch [10/250] (77) test_nll: 1.5092, test_mae: 0.6944, test_non_mae: 310.7202, lr: 0.001000, 1.2s
2023-02-14 19:44:29,896 - model.pytorch.supervisor - INFO - Val loss decrease from 244.9651 to 241.7380.
2023-02-14 19:44:32,709 - model.pytorch.supervisor - INFO - epoch complete
2023-02-14 19:44:32,709 - model.pytorch.supervisor - INFO - evaluating now!
2023-02-14 19:44:33,166 - model.pytorch.supervisor - INFO - Epoch [11/250] (84) train_loss: 1.4475, l2_nll: 1.4475, l2_kld: 0.0000, val_mae: 239.2615, lr: 0.001000, 1.2s
2023-02-14 19:44:33,994 - model.pytorch.supervisor - INFO - Epoch [11/250] (84) test_nll: 1.4519, test_mae: 0.6853, test_non_mae: 307.6720, lr: 0.001000, 1.2s
2023-02-14 19:44:33,994 - model.pytorch.supervisor - INFO - Val loss decrease from 241.7380 to 239.2615.
2023-02-14 19:44:36,843 - model.pytorch.supervisor - INFO - epoch complete
2023-02-14 19:44:36,844 - model.pytorch.supervisor - INFO - evaluating now!
2023-02-14 19:44:37,318 - model.pytorch.supervisor - INFO - Epoch [12/250] (91) train_loss: 1.3733, l2_nll: 1.3732, l2_kld: 0.0000, val_mae: 235.2405, lr: 0.001000, 1.2s
2023-02-14 19:44:38,148 - model.pytorch.supervisor - INFO - Epoch [12/250] (91) test_nll: 1.3801, test_mae: 0.6535, test_non_mae: 303.0681, lr: 0.001000, 1.2s
2023-02-14 19:44:38,148 - model.pytorch.supervisor - INFO - Val loss decrease from 239.2615 to 235.2405.
2023-02-14 19:44:41,286 - model.pytorch.supervisor - INFO - epoch complete
2023-02-14 19:44:41,286 - model.pytorch.supervisor - INFO - evaluating now!
2023-02-14 19:44:41,792 - model.pytorch.supervisor - INFO - Epoch [13/250] (98) train_loss: 1.2906, l2_nll: 1.2906, l2_kld: 0.0000, val_mae: 231.3795, lr: 0.001000, 1.3s
2023-02-14 19:44:42,712 - model.pytorch.supervisor - INFO - Epoch [13/250] (98) test_nll: 1.3131, test_mae: 0.6376, test_non_mae: 298.7126, lr: 0.001000, 1.3s
2023-02-14 19:44:42,713 - model.pytorch.supervisor - INFO - Val loss decrease from 235.2405 to 231.3795.
2023-02-14 19:44:45,679 - model.pytorch.supervisor - INFO - epoch complete
2023-02-14 19:44:45,679 - model.pytorch.supervisor - INFO - evaluating now!
2023-02-14 19:44:46,176 - model.pytorch.supervisor - INFO - Epoch [14/250] (105) train_loss: 1.2052, l2_nll: 1.2052, l2_kld: 0.0000, val_mae: 227.3968, lr: 0.001000, 1.3s
2023-02-14 19:44:47,038 - model.pytorch.supervisor - INFO - Epoch [14/250] (105) test_nll: 1.2587, test_mae: 0.6310, test_non_mae: 293.2994, lr: 0.001000, 1.3s
2023-02-14 19:44:47,038 - model.pytorch.supervisor - INFO - Val loss decrease from 231.3795 to 227.3968.
2023-02-14 19:44:49,849 - model.pytorch.supervisor - INFO - epoch complete
2023-02-14 19:44:49,849 - model.pytorch.supervisor - INFO - evaluating now!
2023-02-14 19:44:50,400 - model.pytorch.supervisor - INFO - Epoch [15/250] (112) train_loss: 1.1192, l2_nll: 1.1192, l2_kld: 0.0000, val_mae: 222.6188, lr: 0.001000, 1.3s
2023-02-14 19:44:51,316 - model.pytorch.supervisor - INFO - Epoch [15/250] (112) test_nll: 1.2373, test_mae: 0.6268, test_non_mae: 285.8838, lr: 0.001000, 1.3s
2023-02-14 19:44:51,316 - model.pytorch.supervisor - INFO - Val loss decrease from 227.3968 to 222.6188.
2023-02-14 19:44:54,200 - model.pytorch.supervisor - INFO - epoch complete
2023-02-14 19:44:54,201 - model.pytorch.supervisor - INFO - evaluating now!
2023-02-14 19:44:54,657 - model.pytorch.supervisor - INFO - Epoch [16/250] (119) train_loss: 1.0442, l2_nll: 1.0442, l2_kld: 0.0000, val_mae: 217.8787, lr: 0.001000, 1.2s
2023-02-14 19:44:55,503 - model.pytorch.supervisor - INFO - Epoch [16/250] (119) test_nll: 1.2414, test_mae: 0.6204, test_non_mae: 277.7346, lr: 0.001000, 1.2s
2023-02-14 19:44:55,503 - model.pytorch.supervisor - INFO - Val loss decrease from 222.6188 to 217.8787.
2023-02-14 19:44:58,347 - model.pytorch.supervisor - INFO - epoch complete
2023-02-14 19:44:58,347 - model.pytorch.supervisor - INFO - evaluating now!
2023-02-14 19:44:58,814 - model.pytorch.supervisor - INFO - Epoch [17/250] (126) train_loss: 0.9727, l2_nll: 0.9727, l2_kld: 0.0000, val_mae: 215.7341, lr: 0.001000, 1.2s
2023-02-14 19:44:59,639 - model.pytorch.supervisor - INFO - Epoch [17/250] (126) test_nll: 1.2513, test_mae: 0.6138, test_non_mae: 272.9354, lr: 0.001000, 1.2s
2023-02-14 19:44:59,639 - model.pytorch.supervisor - INFO - Val loss decrease from 217.8787 to 215.7341.
2023-02-14 19:45:02,567 - model.pytorch.supervisor - INFO - epoch complete
2023-02-14 19:45:02,568 - model.pytorch.supervisor - INFO - evaluating now!
2023-02-14 19:45:03,127 - model.pytorch.supervisor - INFO - Epoch [18/250] (133) train_loss: 0.9083, l2_nll: 0.9083, l2_kld: 0.0000, val_mae: 215.9205, lr: 0.001000, 1.4s
2023-02-14 19:45:04,029 - model.pytorch.supervisor - INFO - Epoch [18/250] (133) test_nll: 1.2603, test_mae: 0.6162, test_non_mae: 272.4492, lr: 0.001000, 1.4s
2023-02-14 19:45:07,079 - model.pytorch.supervisor - INFO - epoch complete
2023-02-14 19:45:07,080 - model.pytorch.supervisor - INFO - evaluating now!
2023-02-14 19:45:07,667 - model.pytorch.supervisor - INFO - Epoch [19/250] (140) train_loss: 0.8594, l2_nll: 0.8593, l2_kld: 0.0001, val_mae: 217.8820, lr: 0.001000, 1.5s
2023-02-14 19:45:08,611 - model.pytorch.supervisor - INFO - Epoch [19/250] (140) test_nll: 1.2763, test_mae: 0.6180, test_non_mae: 274.6714, lr: 0.001000, 1.5s
2023-02-14 19:45:12,070 - model.pytorch.supervisor - INFO - epoch complete
2023-02-14 19:45:12,070 - model.pytorch.supervisor - INFO - evaluating now!
2023-02-14 19:45:12,712 - model.pytorch.supervisor - INFO - Epoch [20/250] (147) train_loss: 0.8086, l2_nll: 0.8086, l2_kld: 0.0001, val_mae: 220.0169, lr: 0.001000, 1.7s
2023-02-14 19:45:13,627 - model.pytorch.supervisor - INFO - Epoch [20/250] (147) test_nll: 1.2867, test_mae: 0.6156, test_non_mae: 277.6006, lr: 0.001000, 1.7s
2023-02-14 19:45:16,959 - model.pytorch.supervisor - INFO - epoch complete
2023-02-14 19:45:16,959 - model.pytorch.supervisor - INFO - evaluating now!
2023-02-14 19:45:17,456 - model.pytorch.supervisor - INFO - Epoch [21/250] (154) train_loss: 0.7701, l2_nll: 0.7701, l2_kld: 0.0000, val_mae: 220.3514, lr: 0.001000, 1.5s
2023-02-14 19:45:18,293 - model.pytorch.supervisor - INFO - Epoch [21/250] (154) test_nll: 1.3175, test_mae: 0.6253, test_non_mae: 276.9200, lr: 0.001000, 1.5s
2023-02-14 19:45:21,378 - model.pytorch.supervisor - INFO - epoch complete
2023-02-14 19:45:21,379 - model.pytorch.supervisor - INFO - evaluating now!
2023-02-14 19:45:21,901 - model.pytorch.supervisor - INFO - Epoch [22/250] (161) train_loss: 0.7378, l2_nll: 0.7378, l2_kld: 0.0001, val_mae: 219.6859, lr: 0.001000, 1.3s
2023-02-14 19:45:22,783 - model.pytorch.supervisor - INFO - Epoch [22/250] (161) test_nll: 1.3641, test_mae: 0.6338, test_non_mae: 274.6418, lr: 0.001000, 1.3s
2023-02-14 19:45:25,846 - model.pytorch.supervisor - INFO - epoch complete
2023-02-14 19:45:25,846 - model.pytorch.supervisor - INFO - evaluating now!
2023-02-14 19:45:26,379 - model.pytorch.supervisor - INFO - Epoch [23/250] (168) train_loss: 0.6968, l2_nll: 0.6966, l2_kld: 0.0002, val_mae: 218.9737, lr: 0.001000, 1.4s
2023-02-14 19:45:27,302 - model.pytorch.supervisor - INFO - Epoch [23/250] (168) test_nll: 1.4646, test_mae: 0.6239, test_non_mae: 272.9129, lr: 0.001000, 1.4s
2023-02-14 19:45:30,282 - model.pytorch.supervisor - INFO - epoch complete
2023-02-14 19:45:30,282 - model.pytorch.supervisor - INFO - evaluating now!
2023-02-14 19:45:30,886 - model.pytorch.supervisor - INFO - Epoch [24/250] (175) train_loss: 0.6848, l2_nll: 0.6847, l2_kld: 0.0001, val_mae: 217.6102, lr: 0.001000, 1.4s
2023-02-14 19:45:31,824 - model.pytorch.supervisor - INFO - Epoch [24/250] (175) test_nll: 1.5925, test_mae: 0.6244, test_non_mae: 269.4727, lr: 0.001000, 1.4s
2023-02-14 19:45:34,961 - model.pytorch.supervisor - INFO - epoch complete
2023-02-14 19:45:34,961 - model.pytorch.supervisor - INFO - evaluating now!
2023-02-14 19:45:35,648 - model.pytorch.supervisor - INFO - Epoch [25/250] (182) train_loss: 0.6693, l2_nll: 0.6689, l2_kld: 0.0005, val_mae: 214.3525, lr: 0.001000, 1.6s
2023-02-14 19:45:36,667 - model.pytorch.supervisor - INFO - Epoch [25/250] (182) test_nll: 1.7554, test_mae: 0.6293, test_non_mae: 262.1177, lr: 0.001000, 1.6s
2023-02-14 19:45:36,667 - model.pytorch.supervisor - INFO - Val loss decrease from 215.7341 to 214.3525.
2023-02-14 19:45:39,575 - model.pytorch.supervisor - INFO - epoch complete
2023-02-14 19:45:39,575 - model.pytorch.supervisor - INFO - evaluating now!
2023-02-14 19:45:40,043 - model.pytorch.supervisor - INFO - Epoch [26/250] (189) train_loss: 0.6416, l2_nll: 0.6413, l2_kld: 0.0004, val_mae: 210.7677, lr: 0.001000, 1.2s
2023-02-14 19:45:40,979 - model.pytorch.supervisor - INFO - Epoch [26/250] (189) test_nll: 1.8817, test_mae: 0.6204, test_non_mae: 255.1208, lr: 0.001000, 1.2s
2023-02-14 19:45:40,980 - model.pytorch.supervisor - INFO - Val loss decrease from 214.3525 to 210.7677.
2023-02-14 19:45:44,052 - model.pytorch.supervisor - INFO - epoch complete
2023-02-14 19:45:44,053 - model.pytorch.supervisor - INFO - evaluating now!
2023-02-14 19:45:44,560 - model.pytorch.supervisor - INFO - Epoch [27/250] (196) train_loss: 0.6386, l2_nll: 0.6383, l2_kld: 0.0003, val_mae: 205.0804, lr: 0.001000, 1.5s
2023-02-14 19:45:45,392 - model.pytorch.supervisor - INFO - Epoch [27/250] (196) test_nll: 2.1377, test_mae: 0.6170, test_non_mae: 245.9003, lr: 0.001000, 1.5s
2023-02-14 19:45:45,392 - model.pytorch.supervisor - INFO - Val loss decrease from 210.7677 to 205.0804.
2023-02-14 19:45:48,431 - model.pytorch.supervisor - INFO - epoch complete
2023-02-14 19:45:48,431 - model.pytorch.supervisor - INFO - evaluating now!
2023-02-14 19:45:48,935 - model.pytorch.supervisor - INFO - Epoch [28/250] (203) train_loss: 0.6298, l2_nll: 0.6296, l2_kld: 0.0003, val_mae: 198.9780, lr: 0.001000, 1.4s
2023-02-14 19:45:49,891 - model.pytorch.supervisor - INFO - Epoch [28/250] (203) test_nll: 2.3873, test_mae: 0.6107, test_non_mae: 238.9096, lr: 0.001000, 1.4s
2023-02-14 19:45:49,891 - model.pytorch.supervisor - INFO - Val loss decrease from 205.0804 to 198.9780.
2023-02-14 19:45:52,814 - model.pytorch.supervisor - INFO - epoch complete
2023-02-14 19:45:52,815 - model.pytorch.supervisor - INFO - evaluating now!
2023-02-14 19:45:53,284 - model.pytorch.supervisor - INFO - Epoch [29/250] (210) train_loss: 0.6216, l2_nll: 0.6210, l2_kld: 0.0006, val_mae: 193.2507, lr: 0.001000, 1.3s
2023-02-14 19:45:54,105 - model.pytorch.supervisor - INFO - Epoch [29/250] (210) test_nll: 2.5331, test_mae: 0.5951, test_non_mae: 234.2743, lr: 0.001000, 1.3s
2023-02-14 19:45:54,106 - model.pytorch.supervisor - INFO - Val loss decrease from 198.9780 to 193.2507.
