2023-03-04 14:36:58,197 - model.pytorch.supervisor - INFO - Log directory: data/model/model_lr_0.001_bs_128_0304143658_54/
2023-03-04 14:36:59,963 - model.pytorch.supervisor - INFO - Model created
2023-03-04 14:37:00,020 - model.pytorch.supervisor - INFO - Start training ...
2023-03-04 14:37:00,020 - model.pytorch.supervisor - INFO - num_batches:7
2023-03-04 14:37:01,752 - model.pytorch.supervisor - INFO - Total trainable parameters 69786
2023-03-04 14:37:02,292 - model.pytorch.supervisor - INFO - epoch complete
2023-03-04 14:37:02,293 - model.pytorch.supervisor - INFO - evaluating now!
2023-03-04 14:37:02,601 - model.pytorch.supervisor - INFO - Epoch [0/2000] (7) train_loss: 29.8961, l1_nll: 17.3823, l1_kld: 0.0000, l2_nll: 12.5137, l2_kld: 0.0000, val_mae: 274.9197, lr: 0.001000, 0.9s
2023-03-04 14:37:03,080 - model.pytorch.supervisor - INFO - Epoch [0/2000] (7) test_nll: 11.0007, test_mae: 3.4895, test_non_mae: 341.9486, lr: 0.001000, 0.9s
2023-03-04 14:37:03,081 - model.pytorch.supervisor - INFO - Val loss decrease from inf to 274.9197.
2023-03-04 14:37:05,291 - model.pytorch.supervisor - INFO - epoch complete
2023-03-04 14:37:05,291 - model.pytorch.supervisor - INFO - evaluating now!
2023-03-04 14:37:05,604 - model.pytorch.supervisor - INFO - Epoch [1/2000] (14) train_loss: 28.6163, l1_nll: 16.6193, l1_kld: 0.0000, l2_nll: 11.9970, l2_kld: 0.0000, val_mae: 274.8608, lr: 0.001000, 0.8s
2023-03-04 14:37:06,137 - model.pytorch.supervisor - INFO - Epoch [1/2000] (14) test_nll: 10.3451, test_mae: 3.4375, test_non_mae: 341.8901, lr: 0.001000, 0.8s
2023-03-04 14:37:06,137 - model.pytorch.supervisor - INFO - Val loss decrease from 274.9197 to 274.8608.
2023-03-04 14:37:08,372 - model.pytorch.supervisor - INFO - epoch complete
2023-03-04 14:37:08,372 - model.pytorch.supervisor - INFO - evaluating now!
2023-03-04 14:37:08,709 - model.pytorch.supervisor - INFO - Epoch [2/2000] (21) train_loss: 26.1969, l1_nll: 15.2213, l1_kld: 0.0000, l2_nll: 10.9756, l2_kld: 0.0000, val_mae: 274.6962, lr: 0.001000, 0.9s
2023-03-04 14:37:09,225 - model.pytorch.supervisor - INFO - Epoch [2/2000] (21) test_nll: 9.0089, test_mae: 3.3107, test_non_mae: 341.7252, lr: 0.001000, 0.9s
2023-03-04 14:37:09,225 - model.pytorch.supervisor - INFO - Val loss decrease from 274.8608 to 274.6962.
2023-03-04 14:37:11,382 - model.pytorch.supervisor - INFO - epoch complete
2023-03-04 14:37:11,382 - model.pytorch.supervisor - INFO - evaluating now!
2023-03-04 14:37:11,678 - model.pytorch.supervisor - INFO - Epoch [3/2000] (28) train_loss: 21.4993, l1_nll: 12.4751, l1_kld: 0.0000, l2_nll: 9.0242, l2_kld: 0.0000, val_mae: 274.0965, lr: 0.001000, 0.8s
2023-03-04 14:37:12,178 - model.pytorch.supervisor - INFO - Epoch [3/2000] (28) test_nll: 6.5369, test_mae: 2.9805, test_non_mae: 341.1236, lr: 0.001000, 0.8s
2023-03-04 14:37:12,178 - model.pytorch.supervisor - INFO - Val loss decrease from 274.6962 to 274.0965.
2023-03-04 14:37:14,302 - model.pytorch.supervisor - INFO - epoch complete
2023-03-04 14:37:14,303 - model.pytorch.supervisor - INFO - evaluating now!
2023-03-04 14:37:14,608 - model.pytorch.supervisor - INFO - Epoch [4/2000] (35) train_loss: 13.6850, l1_nll: 7.7916, l1_kld: 0.0001, l2_nll: 5.8933, l2_kld: 0.0000, val_mae: 271.1367, lr: 0.001000, 0.8s
2023-03-04 14:37:15,133 - model.pytorch.supervisor - INFO - Epoch [4/2000] (35) test_nll: 3.4955, test_mae: 2.1805, test_non_mae: 338.1928, lr: 0.001000, 0.8s
2023-03-04 14:37:15,133 - model.pytorch.supervisor - INFO - Val loss decrease from 274.0965 to 271.1367.
2023-03-04 14:37:17,387 - model.pytorch.supervisor - INFO - epoch complete
2023-03-04 14:37:17,387 - model.pytorch.supervisor - INFO - evaluating now!
2023-03-04 14:37:17,713 - model.pytorch.supervisor - INFO - Epoch [5/2000] (42) train_loss: 6.3870, l1_nll: 3.4261, l1_kld: 0.0022, l2_nll: 2.9588, l2_kld: 0.0000, val_mae: 445.3642, lr: 0.001000, 0.9s
2023-03-04 14:37:18,259 - model.pytorch.supervisor - INFO - Epoch [5/2000] (42) test_nll: 2.1469, test_mae: 1.5407, test_non_mae: 1874.7844, lr: 0.001000, 0.9s
2023-03-04 14:37:20,528 - model.pytorch.supervisor - INFO - epoch complete
2023-03-04 14:37:20,528 - model.pytorch.supervisor - INFO - evaluating now!
2023-03-04 14:37:20,862 - model.pytorch.supervisor - INFO - Epoch [6/2000] (49) train_loss: 4.8434, l1_nll: 2.5351, l1_kld: 0.0040, l2_nll: 2.3040, l2_kld: 0.0002, val_mae: 2816.0952, lr: 0.001000, 0.9s
2023-03-04 14:37:21,388 - model.pytorch.supervisor - INFO - Epoch [6/2000] (49) test_nll: 2.1239, test_mae: 1.6426, test_non_mae: 42973.5859, lr: 0.001000, 0.9s
2023-03-04 14:37:23,720 - model.pytorch.supervisor - INFO - epoch complete
2023-03-04 14:37:23,720 - model.pytorch.supervisor - INFO - evaluating now!
2023-03-04 14:37:24,059 - model.pytorch.supervisor - INFO - Epoch [7/2000] (56) train_loss: 3.8862, l1_nll: 2.0045, l1_kld: 0.0003, l2_nll: 1.8813, l2_kld: 0.0000, val_mae: 292.1411, lr: 0.001000, 0.9s
2023-03-04 14:37:24,608 - model.pytorch.supervisor - INFO - Epoch [7/2000] (56) test_nll: 1.6855, test_mae: 0.8613, test_non_mae: 735.0569, lr: 0.001000, 0.9s
2023-03-04 14:37:26,942 - model.pytorch.supervisor - INFO - epoch complete
2023-03-04 14:37:26,943 - model.pytorch.supervisor - INFO - evaluating now!
2023-03-04 14:37:27,232 - model.pytorch.supervisor - INFO - Epoch [8/2000] (63) train_loss: 3.5794, l1_nll: 1.8644, l1_kld: 0.0000, l2_nll: 1.7150, l2_kld: 0.0000, val_mae: 261.7144, lr: 0.001000, 0.9s
2023-03-04 14:37:27,752 - model.pytorch.supervisor - INFO - Epoch [8/2000] (63) test_nll: 1.6212, test_mae: 0.7942, test_non_mae: 481.1496, lr: 0.001000, 0.9s
2023-03-04 14:37:27,752 - model.pytorch.supervisor - INFO - Val loss decrease from 271.1367 to 261.7144.
2023-03-04 14:37:29,969 - model.pytorch.supervisor - INFO - epoch complete
2023-03-04 14:37:29,969 - model.pytorch.supervisor - INFO - evaluating now!
2023-03-04 14:37:30,239 - model.pytorch.supervisor - INFO - Epoch [9/2000] (70) train_loss: 3.4066, l1_nll: 1.7867, l1_kld: 0.0001, l2_nll: 1.6198, l2_kld: 0.0000, val_mae: 360.4336, lr: 0.001000, 0.8s
2023-03-04 14:37:30,837 - model.pytorch.supervisor - INFO - Epoch [9/2000] (70) test_nll: 1.5475, test_mae: 0.6628, test_non_mae: 1688.3708, lr: 0.001000, 0.8s
2023-03-04 14:37:33,262 - model.pytorch.supervisor - INFO - epoch complete
2023-03-04 14:37:33,262 - model.pytorch.supervisor - INFO - evaluating now!
2023-03-04 14:37:33,567 - model.pytorch.supervisor - INFO - Epoch [10/2000] (77) train_loss: 3.2318, l1_nll: 1.7110, l1_kld: 0.0000, l2_nll: 1.5207, l2_kld: 0.0000, val_mae: 787.9242, lr: 0.001000, 1.0s
2023-03-04 14:37:34,081 - model.pytorch.supervisor - INFO - Epoch [10/2000] (77) test_nll: 1.5025, test_mae: 0.6439, test_non_mae: 6872.2578, lr: 0.001000, 1.0s
2023-03-04 14:37:36,332 - model.pytorch.supervisor - INFO - epoch complete
2023-03-04 14:37:36,332 - model.pytorch.supervisor - INFO - evaluating now!
2023-03-04 14:37:36,654 - model.pytorch.supervisor - INFO - Epoch [11/2000] (84) train_loss: 3.1077, l1_nll: 1.6684, l1_kld: 0.0000, l2_nll: 1.4393, l2_kld: 0.0000, val_mae: 583.3001, lr: 0.001000, 0.9s
2023-03-04 14:37:37,206 - model.pytorch.supervisor - INFO - Epoch [11/2000] (84) test_nll: 1.4256, test_mae: 0.5989, test_non_mae: 4290.3242, lr: 0.001000, 0.9s
2023-03-04 14:37:39,436 - model.pytorch.supervisor - INFO - epoch complete
2023-03-04 14:37:39,436 - model.pytorch.supervisor - INFO - evaluating now!
2023-03-04 14:37:39,764 - model.pytorch.supervisor - INFO - Epoch [12/2000] (91) train_loss: 2.9579, l1_nll: 1.6121, l1_kld: 0.0000, l2_nll: 1.3458, l2_kld: 0.0000, val_mae: 436.5146, lr: 0.001000, 0.8s
2023-03-04 14:37:40,332 - model.pytorch.supervisor - INFO - Epoch [12/2000] (91) test_nll: 1.4309, test_mae: 0.5756, test_non_mae: 2241.0747, lr: 0.001000, 0.8s
2023-03-04 14:37:42,516 - model.pytorch.supervisor - INFO - epoch complete
2023-03-04 14:37:42,517 - model.pytorch.supervisor - INFO - evaluating now!
2023-03-04 14:37:42,809 - model.pytorch.supervisor - INFO - Epoch [13/2000] (98) train_loss: 2.8170, l1_nll: 1.5610, l1_kld: 0.0000, l2_nll: 1.2560, l2_kld: 0.0000, val_mae: 379.1051, lr: 0.001000, 0.8s
2023-03-04 14:37:43,311 - model.pytorch.supervisor - INFO - Epoch [13/2000] (98) test_nll: 1.6961, test_mae: 0.5655, test_non_mae: 1578.7322, lr: 0.001000, 0.8s
2023-03-04 14:37:45,453 - model.pytorch.supervisor - INFO - epoch complete
2023-03-04 14:37:45,453 - model.pytorch.supervisor - INFO - evaluating now!
2023-03-04 14:37:45,849 - model.pytorch.supervisor - INFO - Epoch [14/2000] (105) train_loss: 2.6912, l1_nll: 1.5240, l1_kld: 0.0000, l2_nll: 1.1672, l2_kld: 0.0000, val_mae: 296.9266, lr: 0.001000, 0.9s
2023-03-04 14:37:46,475 - model.pytorch.supervisor - INFO - Epoch [14/2000] (105) test_nll: 2.2349, test_mae: 0.5594, test_non_mae: 858.8403, lr: 0.001000, 0.9s
2023-03-04 14:37:48,835 - model.pytorch.supervisor - INFO - epoch complete
2023-03-04 14:37:48,836 - model.pytorch.supervisor - INFO - evaluating now!
2023-03-04 14:37:49,157 - model.pytorch.supervisor - INFO - Epoch [15/2000] (112) train_loss: 2.5662, l1_nll: 1.4794, l1_kld: 0.0000, l2_nll: 1.0868, l2_kld: 0.0000, val_mae: 259.8279, lr: 0.001000, 0.9s
2023-03-04 14:37:49,720 - model.pytorch.supervisor - INFO - Epoch [15/2000] (112) test_nll: 2.8302, test_mae: 0.5550, test_non_mae: 651.5982, lr: 0.001000, 0.9s
2023-03-04 14:37:49,720 - model.pytorch.supervisor - INFO - Val loss decrease from 261.7144 to 259.8279.
2023-03-04 14:37:51,858 - model.pytorch.supervisor - INFO - epoch complete
2023-03-04 14:37:51,858 - model.pytorch.supervisor - INFO - evaluating now!
2023-03-04 14:37:52,161 - model.pytorch.supervisor - INFO - Epoch [16/2000] (119) train_loss: 2.4470, l1_nll: 1.4392, l1_kld: 0.0001, l2_nll: 1.0078, l2_kld: 0.0000, val_mae: 223.4176, lr: 0.001000, 0.8s
2023-03-04 14:37:52,680 - model.pytorch.supervisor - INFO - Epoch [16/2000] (119) test_nll: 2.8759, test_mae: 0.5529, test_non_mae: 516.1763, lr: 0.001000, 0.8s
2023-03-04 14:37:52,680 - model.pytorch.supervisor - INFO - Val loss decrease from 259.8279 to 223.4176.
2023-03-04 14:37:54,987 - model.pytorch.supervisor - INFO - epoch complete
2023-03-04 14:37:54,988 - model.pytorch.supervisor - INFO - evaluating now!
2023-03-04 14:37:55,306 - model.pytorch.supervisor - INFO - Epoch [17/2000] (126) train_loss: 2.3422, l1_nll: 1.4149, l1_kld: 0.0000, l2_nll: 0.9272, l2_kld: 0.0000, val_mae: 205.2625, lr: 0.001000, 1.0s
2023-03-04 14:37:55,798 - model.pytorch.supervisor - INFO - Epoch [17/2000] (126) test_nll: 2.7934, test_mae: 0.5605, test_non_mae: 428.9765, lr: 0.001000, 1.0s
2023-03-04 14:37:55,798 - model.pytorch.supervisor - INFO - Val loss decrease from 223.4176 to 205.2625.
2023-03-04 14:37:57,957 - model.pytorch.supervisor - INFO - epoch complete
2023-03-04 14:37:57,957 - model.pytorch.supervisor - INFO - evaluating now!
2023-03-04 14:37:58,284 - model.pytorch.supervisor - INFO - Epoch [18/2000] (133) train_loss: 2.2498, l1_nll: 1.3783, l1_kld: 0.0000, l2_nll: 0.8715, l2_kld: 0.0000, val_mae: 192.4575, lr: 0.001000, 0.8s
2023-03-04 14:37:58,803 - model.pytorch.supervisor - INFO - Epoch [18/2000] (133) test_nll: 2.7156, test_mae: 0.5682, test_non_mae: 371.9793, lr: 0.001000, 0.8s
2023-03-04 14:37:58,804 - model.pytorch.supervisor - INFO - Val loss decrease from 205.2625 to 192.4575.
2023-03-04 14:38:00,983 - model.pytorch.supervisor - INFO - epoch complete
2023-03-04 14:38:00,983 - model.pytorch.supervisor - INFO - evaluating now!
2023-03-04 14:38:01,329 - model.pytorch.supervisor - INFO - Epoch [19/2000] (140) train_loss: 2.1758, l1_nll: 1.3635, l1_kld: 0.0000, l2_nll: 0.8123, l2_kld: 0.0000, val_mae: 184.9519, lr: 0.001000, 0.9s
2023-03-04 14:38:01,875 - model.pytorch.supervisor - INFO - Epoch [19/2000] (140) test_nll: 2.7166, test_mae: 0.5656, test_non_mae: 318.4729, lr: 0.001000, 0.9s
2023-03-04 14:38:01,875 - model.pytorch.supervisor - INFO - Val loss decrease from 192.4575 to 184.9519.
2023-03-04 14:38:03,979 - model.pytorch.supervisor - INFO - epoch complete
2023-03-04 14:38:03,979 - model.pytorch.supervisor - INFO - evaluating now!
2023-03-04 14:38:04,265 - model.pytorch.supervisor - INFO - Epoch [20/2000] (147) train_loss: 2.1085, l1_nll: 1.3428, l1_kld: 0.0000, l2_nll: 0.7657, l2_kld: 0.0000, val_mae: 187.2903, lr: 0.001000, 0.8s
2023-03-04 14:38:04,753 - model.pytorch.supervisor - INFO - Epoch [20/2000] (147) test_nll: 3.4758, test_mae: 0.5803, test_non_mae: 330.3063, lr: 0.001000, 0.8s
2023-03-04 14:38:07,011 - model.pytorch.supervisor - INFO - epoch complete
2023-03-04 14:38:07,012 - model.pytorch.supervisor - INFO - evaluating now!
2023-03-04 14:38:07,312 - model.pytorch.supervisor - INFO - Epoch [21/2000] (154) train_loss: 2.0234, l1_nll: 1.2992, l1_kld: 0.0000, l2_nll: 0.7242, l2_kld: 0.0000, val_mae: 189.7316, lr: 0.001000, 0.8s
2023-03-04 14:38:08,013 - model.pytorch.supervisor - INFO - Epoch [21/2000] (154) test_nll: 3.9725, test_mae: 0.5829, test_non_mae: 342.7961, lr: 0.001000, 0.8s
2023-03-04 14:38:10,370 - model.pytorch.supervisor - INFO - epoch complete
2023-03-04 14:38:10,371 - model.pytorch.supervisor - INFO - evaluating now!
2023-03-04 14:38:10,691 - model.pytorch.supervisor - INFO - Epoch [22/2000] (161) train_loss: 1.9795, l1_nll: 1.2920, l1_kld: 0.0000, l2_nll: 0.6874, l2_kld: 0.0000, val_mae: 190.6314, lr: 0.001000, 0.9s
2023-03-04 14:38:11,330 - model.pytorch.supervisor - INFO - Epoch [22/2000] (161) test_nll: 4.8057, test_mae: 0.5733, test_non_mae: 354.2945, lr: 0.001000, 0.9s
2023-03-04 14:38:13,635 - model.pytorch.supervisor - INFO - epoch complete
2023-03-04 14:38:13,636 - model.pytorch.supervisor - INFO - evaluating now!
2023-03-04 14:38:13,909 - model.pytorch.supervisor - INFO - Epoch [23/2000] (168) train_loss: 1.9248, l1_nll: 1.2659, l1_kld: 0.0000, l2_nll: 0.6589, l2_kld: 0.0000, val_mae: 196.3260, lr: 0.001000, 0.8s
2023-03-04 14:38:14,415 - model.pytorch.supervisor - INFO - Epoch [23/2000] (168) test_nll: 6.1385, test_mae: 0.5759, test_non_mae: 393.1543, lr: 0.001000, 0.8s
2023-03-04 14:38:16,678 - model.pytorch.supervisor - INFO - epoch complete
2023-03-04 14:38:16,681 - model.pytorch.supervisor - INFO - evaluating now!
2023-03-04 14:38:16,964 - model.pytorch.supervisor - INFO - Epoch [24/2000] (175) train_loss: 1.8756, l1_nll: 1.2350, l1_kld: 0.0000, l2_nll: 0.6405, l2_kld: 0.0000, val_mae: 212.2823, lr: 0.001000, 0.8s
2023-03-04 14:38:17,488 - model.pytorch.supervisor - INFO - Epoch [24/2000] (175) test_nll: 9.7744, test_mae: 0.5745, test_non_mae: 504.9020, lr: 0.001000, 0.8s
2023-03-04 14:38:19,822 - model.pytorch.supervisor - INFO - epoch complete
2023-03-04 14:38:19,824 - model.pytorch.supervisor - INFO - evaluating now!
2023-03-04 14:38:20,198 - model.pytorch.supervisor - INFO - Epoch [25/2000] (182) train_loss: 1.8259, l1_nll: 1.2045, l1_kld: 0.0000, l2_nll: 0.6213, l2_kld: 0.0000, val_mae: 248.5479, lr: 0.001000, 1.0s
2023-03-04 14:38:20,826 - model.pytorch.supervisor - INFO - Epoch [25/2000] (182) test_nll: 15.3642, test_mae: 0.5664, test_non_mae: 727.4169, lr: 0.001000, 1.0s
2023-03-04 14:38:22,960 - model.pytorch.supervisor - INFO - epoch complete
2023-03-04 14:38:22,960 - model.pytorch.supervisor - INFO - evaluating now!
2023-03-04 14:38:23,248 - model.pytorch.supervisor - INFO - Epoch [26/2000] (189) train_loss: 1.7774, l1_nll: 1.1705, l1_kld: 0.0000, l2_nll: 0.6069, l2_kld: 0.0000, val_mae: 343.4121, lr: 0.001000, 0.8s
2023-03-04 14:38:23,761 - model.pytorch.supervisor - INFO - Epoch [26/2000] (189) test_nll: 27.6235, test_mae: 0.5605, test_non_mae: 1355.5146, lr: 0.001000, 0.8s
2023-03-04 14:38:26,177 - model.pytorch.supervisor - INFO - epoch complete
2023-03-04 14:38:26,177 - model.pytorch.supervisor - INFO - evaluating now!
2023-03-04 14:38:26,523 - model.pytorch.supervisor - INFO - Epoch [27/2000] (196) train_loss: 1.7460, l1_nll: 1.1462, l1_kld: 0.0000, l2_nll: 0.5998, l2_kld: 0.0000, val_mae: 608.1440, lr: 0.001000, 1.0s
2023-03-04 14:38:27,156 - model.pytorch.supervisor - INFO - Epoch [27/2000] (196) test_nll: 59.2519, test_mae: 0.5621, test_non_mae: 3311.7651, lr: 0.001000, 1.0s
2023-03-04 14:38:29,436 - model.pytorch.supervisor - INFO - epoch complete
2023-03-04 14:38:29,437 - model.pytorch.supervisor - INFO - evaluating now!
2023-03-04 14:38:29,742 - model.pytorch.supervisor - INFO - Epoch [28/2000] (203) train_loss: 1.6937, l1_nll: 1.1210, l1_kld: 0.0000, l2_nll: 0.5725, l2_kld: 0.0001, val_mae: 1190.9771, lr: 0.001000, 0.9s
2023-03-04 14:38:30,275 - model.pytorch.supervisor - INFO - Epoch [28/2000] (203) test_nll: 127.2166, test_mae: 0.5524, test_non_mae: 8732.0488, lr: 0.001000, 0.9s
2023-03-04 14:38:32,381 - model.pytorch.supervisor - INFO - epoch complete
2023-03-04 14:38:32,381 - model.pytorch.supervisor - INFO - evaluating now!
2023-03-04 14:38:32,649 - model.pytorch.supervisor - INFO - Epoch [29/2000] (210) train_loss: 1.6516, l1_nll: 1.0972, l1_kld: 0.0000, l2_nll: 0.5543, l2_kld: 0.0001, val_mae: 2818.0159, lr: 0.001000, 0.7s
2023-03-04 14:38:33,184 - model.pytorch.supervisor - INFO - Epoch [29/2000] (210) test_nll: 320.9162, test_mae: 0.5451, test_non_mae: 27977.9980, lr: 0.001000, 0.7s
2023-03-04 14:38:35,505 - model.pytorch.supervisor - INFO - epoch complete
2023-03-04 14:38:35,506 - model.pytorch.supervisor - INFO - evaluating now!
2023-03-04 14:38:35,832 - model.pytorch.supervisor - INFO - Epoch [30/2000] (217) train_loss: 1.6198, l1_nll: 1.0908, l1_kld: 0.0000, l2_nll: 0.5289, l2_kld: 0.0001, val_mae: 9539.7510, lr: 0.001000, 1.0s
2023-03-04 14:38:36,327 - model.pytorch.supervisor - INFO - Epoch [30/2000] (217) test_nll: 1181.0588, test_mae: 0.5532, test_non_mae: 138409.8594, lr: 0.001000, 1.0s
2023-03-04 14:38:38,430 - model.pytorch.supervisor - INFO - epoch complete
2023-03-04 14:38:38,430 - model.pytorch.supervisor - INFO - evaluating now!
2023-03-04 14:38:38,720 - model.pytorch.supervisor - INFO - Epoch [31/2000] (224) train_loss: 1.5566, l1_nll: 1.0511, l1_kld: 0.0000, l2_nll: 0.5054, l2_kld: 0.0001, val_mae: 43757.1680, lr: 0.001000, 0.8s
2023-03-04 14:38:39,262 - model.pytorch.supervisor - INFO - Epoch [31/2000] (224) test_nll: 5262.9937, test_mae: 0.5589, test_non_mae: 966783.3750, lr: 0.001000, 0.8s
2023-03-04 14:38:41,383 - model.pytorch.supervisor - INFO - epoch complete
2023-03-04 14:38:41,384 - model.pytorch.supervisor - INFO - evaluating now!
2023-03-04 14:38:41,702 - model.pytorch.supervisor - INFO - Epoch [32/2000] (231) train_loss: 1.5378, l1_nll: 1.0460, l1_kld: 0.0000, l2_nll: 0.4918, l2_kld: 0.0000, val_mae: 179421.5469, lr: 0.001000, 0.8s
2023-03-04 14:38:42,355 - model.pytorch.supervisor - INFO - Epoch [32/2000] (231) test_nll: 17019.5840, test_mae: 0.5604, test_non_mae: 6178580.0000, lr: 0.001000, 0.8s
2023-03-04 14:38:44,606 - model.pytorch.supervisor - INFO - epoch complete
2023-03-04 14:38:44,606 - model.pytorch.supervisor - INFO - evaluating now!
2023-03-04 14:38:44,934 - model.pytorch.supervisor - INFO - Epoch [33/2000] (238) train_loss: 1.5129, l1_nll: 1.0594, l1_kld: 0.0000, l2_nll: 0.4534, l2_kld: 0.0001, val_mae: 830857.0625, lr: 0.001000, 0.9s
2023-03-04 14:38:45,446 - model.pytorch.supervisor - INFO - Epoch [33/2000] (238) test_nll: 51535.4609, test_mae: 0.5655, test_non_mae: 42635612.0000, lr: 0.001000, 0.9s
2023-03-04 14:38:47,632 - model.pytorch.supervisor - INFO - epoch complete
2023-03-04 14:38:47,633 - model.pytorch.supervisor - INFO - evaluating now!
2023-03-04 14:38:47,922 - model.pytorch.supervisor - INFO - Epoch [34/2000] (245) train_loss: 1.4718, l1_nll: 1.0373, l1_kld: 0.0000, l2_nll: 0.4345, l2_kld: 0.0000, val_mae: 4173405.5000, lr: 0.001000, 0.8s
2023-03-04 14:38:48,465 - model.pytorch.supervisor - INFO - Epoch [34/2000] (245) test_nll: 147791.5938, test_mae: 0.5729, test_non_mae: 335981696.0000, lr: 0.001000, 0.8s
2023-03-04 14:38:50,627 - model.pytorch.supervisor - INFO - epoch complete
2023-03-04 14:38:50,627 - model.pytorch.supervisor - INFO - evaluating now!
2023-03-04 14:38:50,932 - model.pytorch.supervisor - INFO - Epoch [35/2000] (252) train_loss: 1.4384, l1_nll: 1.0312, l1_kld: 0.0000, l2_nll: 0.4070, l2_kld: 0.0001, val_mae: 16084521.0000, lr: 0.001000, 0.8s
2023-03-04 14:38:51,584 - model.pytorch.supervisor - INFO - Epoch [35/2000] (252) test_nll: 311289.0312, test_mae: 0.5798, test_non_mae: 1818133504.0000, lr: 0.001000, 0.8s
2023-03-04 14:38:53,746 - model.pytorch.supervisor - INFO - epoch complete
2023-03-04 14:38:53,746 - model.pytorch.supervisor - INFO - evaluating now!
2023-03-04 14:38:54,088 - model.pytorch.supervisor - INFO - Epoch [36/2000] (259) train_loss: 1.4186, l1_nll: 1.0237, l1_kld: 0.0000, l2_nll: 0.3948, l2_kld: 0.0001, val_mae: 58153784.0000, lr: 0.001000, 0.9s
2023-03-04 14:38:54,592 - model.pytorch.supervisor - INFO - Epoch [36/2000] (259) test_nll: 628235.0625, test_mae: 0.5897, test_non_mae: 9161899008.0000, lr: 0.001000, 0.9s
2023-03-04 14:38:56,673 - model.pytorch.supervisor - INFO - epoch complete
2023-03-04 14:38:56,673 - model.pytorch.supervisor - INFO - evaluating now!
2023-03-04 14:38:56,969 - model.pytorch.supervisor - INFO - Epoch [37/2000] (266) train_loss: 1.3988, l1_nll: 1.0134, l1_kld: 0.0000, l2_nll: 0.3853, l2_kld: 0.0001, val_mae: 115978784.0000, lr: 0.001000, 0.8s
2023-03-04 14:38:57,472 - model.pytorch.supervisor - INFO - Epoch [37/2000] (266) test_nll: 625834.1875, test_mae: 0.5796, test_non_mae: 21930573824.0000, lr: 0.001000, 0.8s
2023-03-04 14:38:59,763 - model.pytorch.supervisor - INFO - epoch complete
2023-03-04 14:38:59,764 - model.pytorch.supervisor - INFO - evaluating now!
2023-03-04 14:39:00,078 - model.pytorch.supervisor - INFO - Epoch [38/2000] (273) train_loss: 1.3704, l1_nll: 1.0095, l1_kld: 0.0000, l2_nll: 0.3609, l2_kld: 0.0000, val_mae: 264900416.0000, lr: 0.001000, 1.0s
2023-03-04 14:39:00,578 - model.pytorch.supervisor - INFO - Epoch [38/2000] (273) test_nll: 706670.0000, test_mae: 0.5782, test_non_mae: 61493964800.0000, lr: 0.001000, 1.0s
2023-03-04 14:39:02,723 - model.pytorch.supervisor - INFO - epoch complete
2023-03-04 14:39:02,723 - model.pytorch.supervisor - INFO - evaluating now!
2023-03-04 14:39:03,056 - model.pytorch.supervisor - INFO - Epoch [39/2000] (280) train_loss: 1.3487, l1_nll: 1.0030, l1_kld: 0.0000, l2_nll: 0.3456, l2_kld: 0.0000, val_mae: 644670464.0000, lr: 0.001000, 0.8s
2023-03-04 14:39:03,586 - model.pytorch.supervisor - INFO - Epoch [39/2000] (280) test_nll: 1397424.3750, test_mae: 0.5874, test_non_mae: 182912991232.0000, lr: 0.001000, 0.8s
2023-03-04 14:39:05,748 - model.pytorch.supervisor - INFO - epoch complete
2023-03-04 14:39:05,749 - model.pytorch.supervisor - INFO - evaluating now!
2023-03-04 14:39:06,060 - model.pytorch.supervisor - INFO - Epoch [40/2000] (287) train_loss: 1.3191, l1_nll: 1.0006, l1_kld: 0.0000, l2_nll: 0.3184, l2_kld: 0.0001, val_mae: 1164311680.0000, lr: 0.001000, 0.8s
2023-03-04 14:39:06,600 - model.pytorch.supervisor - INFO - Epoch [40/2000] (287) test_nll: 2184116.5000, test_mae: 0.5929, test_non_mae: 389523472384.0000, lr: 0.001000, 0.8s
2023-03-04 14:39:08,743 - model.pytorch.supervisor - INFO - epoch complete
2023-03-04 14:39:08,744 - model.pytorch.supervisor - INFO - evaluating now!
2023-03-04 14:39:09,036 - model.pytorch.supervisor - INFO - Epoch [41/2000] (294) train_loss: 1.2891, l1_nll: 0.9927, l1_kld: 0.0000, l2_nll: 0.2963, l2_kld: 0.0000, val_mae: 1288878464.0000, lr: 0.001000, 0.8s
2023-03-04 14:39:09,538 - model.pytorch.supervisor - INFO - Epoch [41/2000] (294) test_nll: 1357776.3750, test_mae: 0.5786, test_non_mae: 415830376448.0000, lr: 0.001000, 0.8s
2023-03-04 14:39:11,679 - model.pytorch.supervisor - INFO - epoch complete
2023-03-04 14:39:11,679 - model.pytorch.supervisor - INFO - evaluating now!
2023-03-04 14:39:12,011 - model.pytorch.supervisor - INFO - Epoch [42/2000] (301) train_loss: 1.2569, l1_nll: 0.9683, l1_kld: 0.0000, l2_nll: 0.2886, l2_kld: 0.0000, val_mae: 1967044608.0000, lr: 0.001000, 0.8s
2023-03-04 14:39:12,625 - model.pytorch.supervisor - INFO - Epoch [42/2000] (301) test_nll: 1320349.0000, test_mae: 0.5813, test_non_mae: 719098609664.0000, lr: 0.001000, 0.8s
2023-03-04 14:39:14,760 - model.pytorch.supervisor - INFO - epoch complete
2023-03-04 14:39:14,760 - model.pytorch.supervisor - INFO - evaluating now!
2023-03-04 14:39:15,077 - model.pytorch.supervisor - INFO - Epoch [43/2000] (308) train_loss: 1.2393, l1_nll: 0.9575, l1_kld: 0.0000, l2_nll: 0.2817, l2_kld: 0.0001, val_mae: 2781988096.0000, lr: 0.001000, 0.8s
2023-03-04 14:39:15,636 - model.pytorch.supervisor - INFO - Epoch [43/2000] (308) test_nll: 1421719.5000, test_mae: 0.5892, test_non_mae: 1096085864448.0000, lr: 0.001000, 0.8s
2023-03-04 14:39:17,859 - model.pytorch.supervisor - INFO - epoch complete
2023-03-04 14:39:17,859 - model.pytorch.supervisor - INFO - evaluating now!
2023-03-04 14:39:18,167 - model.pytorch.supervisor - INFO - Epoch [44/2000] (315) train_loss: 1.2120, l1_nll: 0.9610, l1_kld: 0.0000, l2_nll: 0.2509, l2_kld: 0.0001, val_mae: 3324423680.0000, lr: 0.001000, 0.9s
2023-03-04 14:39:18,671 - model.pytorch.supervisor - INFO - Epoch [44/2000] (315) test_nll: 1400220.6250, test_mae: 0.5866, test_non_mae: 1318842531840.0000, lr: 0.001000, 0.9s
2023-03-04 14:39:20,837 - model.pytorch.supervisor - INFO - epoch complete
2023-03-04 14:39:20,837 - model.pytorch.supervisor - INFO - evaluating now!
2023-03-04 14:39:21,174 - model.pytorch.supervisor - INFO - Epoch [45/2000] (322) train_loss: 1.1931, l1_nll: 0.9491, l1_kld: 0.0000, l2_nll: 0.2440, l2_kld: 0.0000, val_mae: 3974216704.0000, lr: 0.001000, 0.9s
2023-03-04 14:39:21,827 - model.pytorch.supervisor - INFO - Epoch [45/2000] (322) test_nll: 1659868.2500, test_mae: 0.5836, test_non_mae: 1698820390912.0000, lr: 0.001000, 0.9s
2023-03-04 14:39:23,958 - model.pytorch.supervisor - INFO - epoch complete
2023-03-04 14:39:23,959 - model.pytorch.supervisor - INFO - evaluating now!
2023-03-04 14:39:24,281 - model.pytorch.supervisor - INFO - Epoch [46/2000] (329) train_loss: 1.1929, l1_nll: 0.9578, l1_kld: 0.0000, l2_nll: 0.2350, l2_kld: 0.0000, val_mae: 3162247680.0000, lr: 0.001000, 0.8s
2023-03-04 14:39:24,807 - model.pytorch.supervisor - INFO - Epoch [46/2000] (329) test_nll: 1451556.3750, test_mae: 0.5771, test_non_mae: 1185566687232.0000, lr: 0.001000, 0.8s
2023-03-04 14:39:26,967 - model.pytorch.supervisor - INFO - epoch complete
2023-03-04 14:39:26,967 - model.pytorch.supervisor - INFO - evaluating now!
2023-03-04 14:39:27,266 - model.pytorch.supervisor - INFO - Epoch [47/2000] (336) train_loss: 1.1779, l1_nll: 0.9610, l1_kld: 0.0000, l2_nll: 0.2169, l2_kld: 0.0001, val_mae: 3213726208.0000, lr: 0.001000, 0.8s
2023-03-04 14:39:27,786 - model.pytorch.supervisor - INFO - Epoch [47/2000] (336) test_nll: 1034505.3125, test_mae: 0.5694, test_non_mae: 1252091232256.0000, lr: 0.001000, 0.8s
2023-03-04 14:39:30,216 - model.pytorch.supervisor - INFO - epoch complete
2023-03-04 14:39:30,216 - model.pytorch.supervisor - INFO - evaluating now!
2023-03-04 14:39:30,554 - model.pytorch.supervisor - INFO - Epoch [48/2000] (343) train_loss: 1.1563, l1_nll: 0.9361, l1_kld: 0.0000, l2_nll: 0.2201, l2_kld: 0.0001, val_mae: 3022088192.0000, lr: 0.001000, 1.1s
2023-03-04 14:39:31,159 - model.pytorch.supervisor - INFO - Epoch [48/2000] (343) test_nll: 841421.2500, test_mae: 0.5684, test_non_mae: 1094513983488.0000, lr: 0.001000, 1.1s
2023-03-04 14:39:33,376 - model.pytorch.supervisor - INFO - epoch complete
2023-03-04 14:39:33,377 - model.pytorch.supervisor - INFO - evaluating now!
2023-03-04 14:39:33,720 - model.pytorch.supervisor - INFO - Epoch [49/2000] (350) train_loss: 1.1209, l1_nll: 0.9183, l1_kld: 0.0000, l2_nll: 0.2025, l2_kld: 0.0001, val_mae: 4063165440.0000, lr: 0.001000, 0.9s
2023-03-04 14:39:34,283 - model.pytorch.supervisor - INFO - Epoch [49/2000] (350) test_nll: 784091.0000, test_mae: 0.5772, test_non_mae: 1572045062144.0000, lr: 0.001000, 0.9s
2023-03-04 14:39:36,423 - model.pytorch.supervisor - INFO - epoch complete
2023-03-04 14:39:36,423 - model.pytorch.supervisor - INFO - evaluating now!
2023-03-04 14:39:36,727 - model.pytorch.supervisor - INFO - Epoch [50/2000] (357) train_loss: 1.1325, l1_nll: 0.9255, l1_kld: 0.0000, l2_nll: 0.2070, l2_kld: 0.0001, val_mae: 3193750272.0000, lr: 0.001000, 0.8s
2023-03-04 14:39:37,325 - model.pytorch.supervisor - INFO - Epoch [50/2000] (357) test_nll: 585579.2500, test_mae: 0.5680, test_non_mae: 1111785603072.0000, lr: 0.001000, 0.8s
2023-03-04 14:39:39,402 - model.pytorch.supervisor - INFO - epoch complete
2023-03-04 14:39:39,402 - model.pytorch.supervisor - INFO - evaluating now!
2023-03-04 14:39:39,731 - model.pytorch.supervisor - INFO - Epoch [51/2000] (364) train_loss: 1.0990, l1_nll: 0.9105, l1_kld: 0.0000, l2_nll: 0.1886, l2_kld: 0.0000, val_mae: 3262609152.0000, lr: 0.001000, 0.8s
2023-03-04 14:39:40,228 - model.pytorch.supervisor - INFO - Epoch [51/2000] (364) test_nll: 578618.2500, test_mae: 0.5731, test_non_mae: 1125855789056.0000, lr: 0.001000, 0.8s
2023-03-04 14:39:42,361 - model.pytorch.supervisor - INFO - epoch complete
2023-03-04 14:39:42,363 - model.pytorch.supervisor - INFO - evaluating now!
2023-03-04 14:39:42,760 - model.pytorch.supervisor - INFO - Epoch [52/2000] (371) train_loss: 1.0682, l1_nll: 0.8961, l1_kld: 0.0000, l2_nll: 0.1720, l2_kld: 0.0000, val_mae: 3051597568.0000, lr: 0.001000, 0.9s
2023-03-04 14:39:43,403 - model.pytorch.supervisor - INFO - Epoch [52/2000] (371) test_nll: 553454.6875, test_mae: 0.5744, test_non_mae: 928619823104.0000, lr: 0.001000, 0.9s
2023-03-04 14:39:45,589 - model.pytorch.supervisor - INFO - epoch complete
2023-03-04 14:39:45,589 - model.pytorch.supervisor - INFO - evaluating now!
2023-03-04 14:39:46,032 - model.pytorch.supervisor - INFO - Epoch [53/2000] (378) train_loss: 1.0815, l1_nll: 0.9026, l1_kld: 0.0000, l2_nll: 0.1788, l2_kld: 0.0000, val_mae: 3001103872.0000, lr: 0.001000, 1.0s
2023-03-04 14:39:46,654 - model.pytorch.supervisor - INFO - Epoch [53/2000] (378) test_nll: 451581.1250, test_mae: 0.5632, test_non_mae: 940061622272.0000, lr: 0.001000, 1.0s
2023-03-04 14:39:48,807 - model.pytorch.supervisor - INFO - epoch complete
2023-03-04 14:39:48,808 - model.pytorch.supervisor - INFO - evaluating now!
2023-03-04 14:39:49,131 - model.pytorch.supervisor - INFO - Epoch [54/2000] (385) train_loss: 1.0429, l1_nll: 0.8905, l1_kld: 0.0000, l2_nll: 0.1523, l2_kld: 0.0000, val_mae: 3143453440.0000, lr: 0.001000, 0.9s
2023-03-04 14:39:49,632 - model.pytorch.supervisor - INFO - Epoch [54/2000] (385) test_nll: 451283.6562, test_mae: 0.5737, test_non_mae: 938132570112.0000, lr: 0.001000, 0.9s
2023-03-04 14:39:51,704 - model.pytorch.supervisor - INFO - epoch complete
2023-03-04 14:39:51,704 - model.pytorch.supervisor - INFO - evaluating now!
2023-03-04 14:39:52,003 - model.pytorch.supervisor - INFO - Epoch [55/2000] (392) train_loss: 1.0489, l1_nll: 0.8774, l1_kld: 0.0000, l2_nll: 0.1715, l2_kld: 0.0001, val_mae: 1890518272.0000, lr: 0.001000, 0.7s
2023-03-04 14:39:52,496 - model.pytorch.supervisor - INFO - Epoch [55/2000] (392) test_nll: 290653.3750, test_mae: 0.5561, test_non_mae: 492163465216.0000, lr: 0.001000, 0.7s
2023-03-04 14:39:54,608 - model.pytorch.supervisor - INFO - epoch complete
2023-03-04 14:39:54,609 - model.pytorch.supervisor - INFO - evaluating now!
2023-03-04 14:39:55,001 - model.pytorch.supervisor - INFO - Epoch [56/2000] (399) train_loss: 1.0438, l1_nll: 0.8930, l1_kld: 0.0000, l2_nll: 0.1508, l2_kld: 0.0000, val_mae: 2207046144.0000, lr: 0.001000, 0.9s
2023-03-04 14:39:55,551 - model.pytorch.supervisor - INFO - Epoch [56/2000] (399) test_nll: 265462.7188, test_mae: 0.5632, test_non_mae: 582413778944.0000, lr: 0.001000, 0.9s
2023-03-04 14:39:57,777 - model.pytorch.supervisor - INFO - epoch complete
2023-03-04 14:39:57,777 - model.pytorch.supervisor - INFO - evaluating now!
2023-03-04 14:39:58,078 - model.pytorch.supervisor - INFO - Epoch [57/2000] (406) train_loss: 1.0014, l1_nll: 0.8684, l1_kld: 0.0000, l2_nll: 0.1330, l2_kld: 0.0000, val_mae: 2211451904.0000, lr: 0.001000, 0.9s
2023-03-04 14:39:58,559 - model.pytorch.supervisor - INFO - Epoch [57/2000] (406) test_nll: 312607.9062, test_mae: 0.5622, test_non_mae: 580254171136.0000, lr: 0.001000, 0.9s
2023-03-04 14:40:00,622 - model.pytorch.supervisor - INFO - epoch complete
2023-03-04 14:40:00,622 - model.pytorch.supervisor - INFO - evaluating now!
2023-03-04 14:40:00,902 - model.pytorch.supervisor - INFO - Epoch [58/2000] (413) train_loss: 1.0080, l1_nll: 0.8766, l1_kld: 0.0000, l2_nll: 0.1314, l2_kld: 0.0000, val_mae: 2394942976.0000, lr: 0.001000, 0.7s
2023-03-04 14:40:01,367 - model.pytorch.supervisor - INFO - Epoch [58/2000] (413) test_nll: 330046.3750, test_mae: 0.5617, test_non_mae: 646680477696.0000, lr: 0.001000, 0.7s
2023-03-04 14:40:03,548 - model.pytorch.supervisor - INFO - epoch complete
2023-03-04 14:40:03,548 - model.pytorch.supervisor - INFO - evaluating now!
2023-03-04 14:40:04,037 - model.pytorch.supervisor - INFO - Epoch [59/2000] (420) train_loss: 1.0055, l1_nll: 0.8801, l1_kld: 0.0000, l2_nll: 0.1255, l2_kld: 0.0000, val_mae: 2473123072.0000, lr: 0.001000, 1.0s
2023-03-04 14:40:04,885 - model.pytorch.supervisor - INFO - Epoch [59/2000] (420) test_nll: 329317.0312, test_mae: 0.5602, test_non_mae: 659119800320.0000, lr: 0.001000, 1.0s
2023-03-04 14:40:07,315 - model.pytorch.supervisor - INFO - epoch complete
2023-03-04 14:40:07,315 - model.pytorch.supervisor - INFO - evaluating now!
2023-03-04 14:40:07,581 - model.pytorch.supervisor - INFO - Epoch [60/2000] (427) train_loss: 0.9713, l1_nll: 0.8501, l1_kld: 0.0000, l2_nll: 0.1211, l2_kld: 0.0000, val_mae: 1695372288.0000, lr: 0.001000, 0.8s
2023-03-04 14:40:08,114 - model.pytorch.supervisor - INFO - Epoch [60/2000] (427) test_nll: 270753.8750, test_mae: 0.5528, test_non_mae: 414249615360.0000, lr: 0.001000, 0.8s
2023-03-04 14:40:10,549 - model.pytorch.supervisor - INFO - epoch complete
2023-03-04 14:40:10,550 - model.pytorch.supervisor - INFO - evaluating now!
2023-03-04 14:40:10,893 - model.pytorch.supervisor - INFO - Epoch [61/2000] (434) train_loss: 0.9559, l1_nll: 0.8459, l1_kld: 0.0000, l2_nll: 0.1099, l2_kld: 0.0000, val_mae: 1799332608.0000, lr: 0.001000, 1.1s
2023-03-04 14:40:11,484 - model.pytorch.supervisor - INFO - Epoch [61/2000] (434) test_nll: 270556.8750, test_mae: 0.5541, test_non_mae: 442223001600.0000, lr: 0.001000, 1.1s
2023-03-04 14:40:13,860 - model.pytorch.supervisor - INFO - epoch complete
2023-03-04 14:40:13,861 - model.pytorch.supervisor - INFO - evaluating now!
2023-03-04 14:40:14,185 - model.pytorch.supervisor - INFO - Epoch [62/2000] (441) train_loss: 0.9730, l1_nll: 0.8652, l1_kld: 0.0000, l2_nll: 0.1078, l2_kld: 0.0000, val_mae: 1940662144.0000, lr: 0.001000, 1.0s
2023-03-04 14:40:14,811 - model.pytorch.supervisor - INFO - Epoch [62/2000] (441) test_nll: 289598.5938, test_mae: 0.5569, test_non_mae: 488505769984.0000, lr: 0.001000, 1.0s
2023-03-04 14:40:17,047 - model.pytorch.supervisor - INFO - epoch complete
2023-03-04 14:40:17,049 - model.pytorch.supervisor - INFO - evaluating now!
2023-03-04 14:40:17,356 - model.pytorch.supervisor - INFO - Epoch [63/2000] (448) train_loss: 0.9420, l1_nll: 0.8535, l1_kld: 0.0000, l2_nll: 0.0884, l2_kld: 0.0000, val_mae: 1425637504.0000, lr: 0.001000, 0.8s
2023-03-04 14:40:17,882 - model.pytorch.supervisor - INFO - Epoch [63/2000] (448) test_nll: 258932.0781, test_mae: 0.5494, test_non_mae: 344184717312.0000, lr: 0.001000, 0.8s
2023-03-04 14:40:20,168 - model.pytorch.supervisor - INFO - epoch complete
2023-03-04 14:40:20,169 - model.pytorch.supervisor - INFO - evaluating now!
2023-03-04 14:40:20,443 - model.pytorch.supervisor - INFO - Epoch [64/2000] (455) train_loss: 0.9261, l1_nll: 0.8343, l1_kld: 0.0000, l2_nll: 0.0917, l2_kld: 0.0000, val_mae: 1423113344.0000, lr: 0.001000, 0.8s
2023-03-04 14:40:20,961 - model.pytorch.supervisor - INFO - Epoch [64/2000] (455) test_nll: 257126.3906, test_mae: 0.5483, test_non_mae: 329149612032.0000, lr: 0.001000, 0.8s
2023-03-04 14:40:23,197 - model.pytorch.supervisor - INFO - epoch complete
2023-03-04 14:40:23,197 - model.pytorch.supervisor - INFO - evaluating now!
2023-03-04 14:40:23,556 - model.pytorch.supervisor - INFO - Epoch [65/2000] (462) train_loss: 0.9321, l1_nll: 0.8409, l1_kld: 0.0000, l2_nll: 0.0912, l2_kld: 0.0000, val_mae: 1927124096.0000, lr: 0.001000, 0.9s
2023-03-04 14:40:24,179 - model.pytorch.supervisor - INFO - Epoch [65/2000] (462) test_nll: 338895.3438, test_mae: 0.5574, test_non_mae: 475280572416.0000, lr: 0.001000, 0.9s
2023-03-04 14:40:26,405 - model.pytorch.supervisor - INFO - epoch complete
2023-03-04 14:40:26,406 - model.pytorch.supervisor - INFO - evaluating now!
2023-03-04 14:40:26,758 - model.pytorch.supervisor - INFO - Epoch [66/2000] (469) train_loss: 0.9260, l1_nll: 0.8349, l1_kld: 0.0000, l2_nll: 0.0911, l2_kld: 0.0000, val_mae: 1516083072.0000, lr: 0.001000, 0.9s
2023-03-04 14:40:27,342 - model.pytorch.supervisor - INFO - Epoch [66/2000] (469) test_nll: 256881.4688, test_mae: 0.5460, test_non_mae: 359480492032.0000, lr: 0.001000, 0.9s
2023-03-04 14:40:29,421 - model.pytorch.supervisor - INFO - epoch complete
2023-03-04 14:40:29,421 - model.pytorch.supervisor - INFO - evaluating now!
2023-03-04 14:40:29,727 - model.pytorch.supervisor - INFO - Epoch [67/2000] (476) train_loss: 0.9022, l1_nll: 0.8199, l1_kld: 0.0000, l2_nll: 0.0823, l2_kld: 0.0000, val_mae: 1135330432.0000, lr: 0.001000, 0.8s
2023-03-04 14:40:30,217 - model.pytorch.supervisor - INFO - Epoch [67/2000] (476) test_nll: 195292.7500, test_mae: 0.5424, test_non_mae: 255375261696.0000, lr: 0.001000, 0.8s
2023-03-04 14:40:32,289 - model.pytorch.supervisor - INFO - epoch complete
2023-03-04 14:40:32,290 - model.pytorch.supervisor - INFO - evaluating now!
2023-03-04 14:40:32,602 - model.pytorch.supervisor - INFO - Epoch [68/2000] (483) train_loss: 0.8876, l1_nll: 0.8222, l1_kld: 0.0000, l2_nll: 0.0653, l2_kld: 0.0000, val_mae: 1266303616.0000, lr: 0.001000, 0.8s
2023-03-04 14:40:33,111 - model.pytorch.supervisor - INFO - Epoch [68/2000] (483) test_nll: 214579.7344, test_mae: 0.5424, test_non_mae: 290560802816.0000, lr: 0.001000, 0.8s
2023-03-04 14:40:35,317 - model.pytorch.supervisor - INFO - epoch complete
2023-03-04 14:40:35,317 - model.pytorch.supervisor - INFO - evaluating now!
2023-03-04 14:40:35,676 - model.pytorch.supervisor - INFO - Epoch [69/2000] (490) train_loss: 0.9054, l1_nll: 0.8254, l1_kld: 0.0000, l2_nll: 0.0800, l2_kld: 0.0000, val_mae: 870625408.0000, lr: 0.001000, 0.9s
2023-03-04 14:40:36,206 - model.pytorch.supervisor - INFO - Epoch [69/2000] (490) test_nll: 218661.3438, test_mae: 0.5345, test_non_mae: 188529213440.0000, lr: 0.001000, 0.9s
2023-03-04 14:40:38,380 - model.pytorch.supervisor - INFO - epoch complete
2023-03-04 14:40:38,381 - model.pytorch.supervisor - INFO - evaluating now!
2023-03-04 14:40:38,698 - model.pytorch.supervisor - INFO - Epoch [70/2000] (497) train_loss: 0.8805, l1_nll: 0.8149, l1_kld: 0.0000, l2_nll: 0.0655, l2_kld: 0.0000, val_mae: 1158429824.0000, lr: 0.001000, 0.8s
2023-03-04 14:40:39,186 - model.pytorch.supervisor - INFO - Epoch [70/2000] (497) test_nll: 245003.2031, test_mae: 0.5370, test_non_mae: 269394460672.0000, lr: 0.001000, 0.8s
2023-03-04 14:40:41,281 - model.pytorch.supervisor - INFO - epoch complete
2023-03-04 14:40:41,281 - model.pytorch.supervisor - INFO - evaluating now!
2023-03-04 14:40:41,597 - model.pytorch.supervisor - INFO - Epoch [71/2000] (504) train_loss: 0.8825, l1_nll: 0.8089, l1_kld: 0.0000, l2_nll: 0.0736, l2_kld: 0.0000, val_mae: 1218277376.0000, lr: 0.001000, 0.8s
2023-03-04 14:40:42,195 - model.pytorch.supervisor - INFO - Epoch [71/2000] (504) test_nll: 242200.0469, test_mae: 0.5440, test_non_mae: 287278661632.0000, lr: 0.001000, 0.8s
2023-03-04 14:40:44,400 - model.pytorch.supervisor - INFO - epoch complete
2023-03-04 14:40:44,400 - model.pytorch.supervisor - INFO - evaluating now!
2023-03-04 14:40:44,713 - model.pytorch.supervisor - INFO - Epoch [72/2000] (511) train_loss: 0.8603, l1_nll: 0.7884, l1_kld: 0.0000, l2_nll: 0.0719, l2_kld: 0.0000, val_mae: 892256512.0000, lr: 0.001000, 0.9s
2023-03-04 14:40:45,210 - model.pytorch.supervisor - INFO - Epoch [72/2000] (511) test_nll: 187239.6719, test_mae: 0.5310, test_non_mae: 199041581056.0000, lr: 0.001000, 0.9s
2023-03-04 14:40:47,352 - model.pytorch.supervisor - INFO - epoch complete
2023-03-04 14:40:47,352 - model.pytorch.supervisor - INFO - evaluating now!
2023-03-04 14:40:47,681 - model.pytorch.supervisor - INFO - Epoch [73/2000] (518) train_loss: 0.8578, l1_nll: 0.7965, l1_kld: 0.0000, l2_nll: 0.0613, l2_kld: 0.0000, val_mae: 956640064.0000, lr: 0.001000, 0.8s
2023-03-04 14:40:48,213 - model.pytorch.supervisor - INFO - Epoch [73/2000] (518) test_nll: 223684.1719, test_mae: 0.5356, test_non_mae: 213279703040.0000, lr: 0.001000, 0.8s
2023-03-04 14:40:50,457 - model.pytorch.supervisor - INFO - epoch complete
2023-03-04 14:40:50,457 - model.pytorch.supervisor - INFO - evaluating now!
2023-03-04 14:40:50,806 - model.pytorch.supervisor - INFO - Epoch [74/2000] (525) train_loss: 0.8649, l1_nll: 0.8015, l1_kld: 0.0000, l2_nll: 0.0633, l2_kld: 0.0000, val_mae: 1059003200.0000, lr: 0.001000, 1.0s
2023-03-04 14:40:51,325 - model.pytorch.supervisor - INFO - Epoch [74/2000] (525) test_nll: 282675.8750, test_mae: 0.5388, test_non_mae: 249985105920.0000, lr: 0.001000, 1.0s
2023-03-04 14:40:53,410 - model.pytorch.supervisor - INFO - epoch complete
2023-03-04 14:40:53,410 - model.pytorch.supervisor - INFO - evaluating now!
2023-03-04 14:40:53,714 - model.pytorch.supervisor - INFO - Epoch [75/2000] (532) train_loss: 0.8379, l1_nll: 0.7875, l1_kld: 0.0000, l2_nll: 0.0504, l2_kld: 0.0000, val_mae: 731028864.0000, lr: 0.001000, 0.8s
2023-03-04 14:40:54,280 - model.pytorch.supervisor - INFO - Epoch [75/2000] (532) test_nll: 232040.0781, test_mae: 0.5304, test_non_mae: 157926195200.0000, lr: 0.001000, 0.8s
2023-03-04 14:40:56,393 - model.pytorch.supervisor - INFO - epoch complete
2023-03-04 14:40:56,395 - model.pytorch.supervisor - INFO - evaluating now!
2023-03-04 14:40:56,717 - model.pytorch.supervisor - INFO - Epoch [76/2000] (539) train_loss: 0.8171, l1_nll: 0.7791, l1_kld: 0.0000, l2_nll: 0.0379, l2_kld: 0.0000, val_mae: 765160512.0000, lr: 0.001000, 0.8s
2023-03-04 14:40:57,263 - model.pytorch.supervisor - INFO - Epoch [76/2000] (539) test_nll: 321587.0312, test_mae: 0.5313, test_non_mae: 168180727808.0000, lr: 0.001000, 0.8s
2023-03-04 14:40:59,445 - model.pytorch.supervisor - INFO - epoch complete
2023-03-04 14:40:59,445 - model.pytorch.supervisor - INFO - evaluating now!
2023-03-04 14:40:59,766 - model.pytorch.supervisor - INFO - Epoch [77/2000] (546) train_loss: 0.8183, l1_nll: 0.7785, l1_kld: 0.0000, l2_nll: 0.0398, l2_kld: 0.0000, val_mae: 631925888.0000, lr: 0.001000, 0.9s
2023-03-04 14:41:00,261 - model.pytorch.supervisor - INFO - Epoch [77/2000] (546) test_nll: 310007.6250, test_mae: 0.5259, test_non_mae: 133360902144.0000, lr: 0.001000, 0.9s
2023-03-04 14:41:02,406 - model.pytorch.supervisor - INFO - epoch complete
2023-03-04 14:41:02,407 - model.pytorch.supervisor - INFO - evaluating now!
2023-03-04 14:41:02,738 - model.pytorch.supervisor - INFO - Epoch [78/2000] (553) train_loss: 0.8081, l1_nll: 0.7790, l1_kld: 0.0000, l2_nll: 0.0291, l2_kld: 0.0000, val_mae: 549277504.0000, lr: 0.001000, 0.9s
2023-03-04 14:41:03,243 - model.pytorch.supervisor - INFO - Epoch [78/2000] (553) test_nll: 341572.2812, test_mae: 0.5248, test_non_mae: 112178872320.0000, lr: 0.001000, 0.9s
2023-03-04 14:41:05,322 - model.pytorch.supervisor - INFO - epoch complete
2023-03-04 14:41:05,322 - model.pytorch.supervisor - INFO - evaluating now!
2023-03-04 14:41:05,650 - model.pytorch.supervisor - INFO - Epoch [79/2000] (560) train_loss: 0.8241, l1_nll: 0.7748, l1_kld: 0.0000, l2_nll: 0.0492, l2_kld: 0.0000, val_mae: 555580032.0000, lr: 0.001000, 0.8s
2023-03-04 14:41:06,265 - model.pytorch.supervisor - INFO - Epoch [79/2000] (560) test_nll: 338420.5938, test_mae: 0.5259, test_non_mae: 116088528896.0000, lr: 0.001000, 0.8s
2023-03-04 14:41:08,445 - model.pytorch.supervisor - INFO - epoch complete
2023-03-04 14:41:08,445 - model.pytorch.supervisor - INFO - evaluating now!
2023-03-04 14:41:08,769 - model.pytorch.supervisor - INFO - Epoch [80/2000] (567) train_loss: 0.8048, l1_nll: 0.7536, l1_kld: 0.0000, l2_nll: 0.0511, l2_kld: 0.0000, val_mae: 592176768.0000, lr: 0.001000, 0.9s
2023-03-04 14:41:09,286 - model.pytorch.supervisor - INFO - Epoch [80/2000] (567) test_nll: 323988.4062, test_mae: 0.5238, test_non_mae: 127099969536.0000, lr: 0.001000, 0.9s
2023-03-04 14:41:11,390 - model.pytorch.supervisor - INFO - epoch complete
2023-03-04 14:41:11,391 - model.pytorch.supervisor - INFO - evaluating now!
2023-03-04 14:41:11,705 - model.pytorch.supervisor - INFO - Epoch [81/2000] (574) train_loss: 0.7854, l1_nll: 0.7281, l1_kld: 0.0000, l2_nll: 0.0573, l2_kld: 0.0000, val_mae: 767996864.0000, lr: 0.001000, 0.8s
2023-03-04 14:41:12,212 - model.pytorch.supervisor - INFO - Epoch [81/2000] (574) test_nll: 386052.5625, test_mae: 0.5380, test_non_mae: 173787021312.0000, lr: 0.001000, 0.8s
2023-03-04 14:41:14,426 - model.pytorch.supervisor - INFO - epoch complete
2023-03-04 14:41:14,426 - model.pytorch.supervisor - INFO - evaluating now!
2023-03-04 14:41:14,763 - model.pytorch.supervisor - INFO - Epoch [82/2000] (581) train_loss: 0.8189, l1_nll: 0.7352, l1_kld: 0.0000, l2_nll: 0.0837, l2_kld: 0.0000, val_mae: 387998432.0000, lr: 0.001000, 0.9s
2023-03-04 14:41:15,264 - model.pytorch.supervisor - INFO - Epoch [82/2000] (581) test_nll: 254840.9531, test_mae: 0.5146, test_non_mae: 77996539904.0000, lr: 0.001000, 0.9s
2023-03-04 14:41:17,447 - model.pytorch.supervisor - INFO - epoch complete
2023-03-04 14:41:17,448 - model.pytorch.supervisor - INFO - evaluating now!
2023-03-04 14:41:17,784 - model.pytorch.supervisor - INFO - Epoch [83/2000] (588) train_loss: 0.7830, l1_nll: 0.7450, l1_kld: 0.0000, l2_nll: 0.0379, l2_kld: 0.0000, val_mae: 633878272.0000, lr: 0.001000, 0.9s
2023-03-04 14:41:18,296 - model.pytorch.supervisor - INFO - Epoch [83/2000] (588) test_nll: 344065.8125, test_mae: 0.5276, test_non_mae: 138843734016.0000, lr: 0.001000, 0.9s
2023-03-04 14:41:20,402 - model.pytorch.supervisor - INFO - epoch complete
2023-03-04 14:41:20,403 - model.pytorch.supervisor - INFO - evaluating now!
2023-03-04 14:41:20,685 - model.pytorch.supervisor - INFO - Epoch [84/2000] (595) train_loss: 0.7629, l1_nll: 0.7193, l1_kld: 0.0000, l2_nll: 0.0436, l2_kld: 0.0000, val_mae: 699923712.0000, lr: 0.001000, 0.7s
2023-03-04 14:41:21,173 - model.pytorch.supervisor - INFO - Epoch [84/2000] (595) test_nll: 394260.3438, test_mae: 0.5279, test_non_mae: 157800366080.0000, lr: 0.001000, 0.7s
2023-03-04 14:41:23,297 - model.pytorch.supervisor - INFO - epoch complete
2023-03-04 14:41:23,297 - model.pytorch.supervisor - INFO - evaluating now!
2023-03-04 14:41:23,618 - model.pytorch.supervisor - INFO - Epoch [85/2000] (602) train_loss: 0.7857, l1_nll: 0.7306, l1_kld: 0.0000, l2_nll: 0.0550, l2_kld: 0.0000, val_mae: 411980480.0000, lr: 0.001000, 0.8s
2023-03-04 14:41:24,164 - model.pytorch.supervisor - INFO - Epoch [85/2000] (602) test_nll: 312814.7500, test_mae: 0.5136, test_non_mae: 84326260736.0000, lr: 0.001000, 0.8s
2023-03-04 14:41:26,331 - model.pytorch.supervisor - INFO - epoch complete
2023-03-04 14:41:26,331 - model.pytorch.supervisor - INFO - evaluating now!
2023-03-04 14:41:26,678 - model.pytorch.supervisor - INFO - Epoch [86/2000] (609) train_loss: 0.7627, l1_nll: 0.7228, l1_kld: 0.0000, l2_nll: 0.0399, l2_kld: 0.0000, val_mae: 390821248.0000, lr: 0.001000, 0.9s
2023-03-04 14:41:27,179 - model.pytorch.supervisor - INFO - Epoch [86/2000] (609) test_nll: 367700.8438, test_mae: 0.5136, test_non_mae: 78891917312.0000, lr: 0.001000, 0.9s
2023-03-04 14:41:29,286 - model.pytorch.supervisor - INFO - epoch complete
2023-03-04 14:41:29,286 - model.pytorch.supervisor - INFO - evaluating now!
2023-03-04 14:41:29,579 - model.pytorch.supervisor - INFO - Epoch [87/2000] (616) train_loss: 0.7684, l1_nll: 0.7227, l1_kld: 0.0000, l2_nll: 0.0457, l2_kld: 0.0000, val_mae: 467502496.0000, lr: 0.001000, 0.8s
2023-03-04 14:41:30,076 - model.pytorch.supervisor - INFO - Epoch [87/2000] (616) test_nll: 511356.3438, test_mae: 0.5223, test_non_mae: 95391932416.0000, lr: 0.001000, 0.8s
2023-03-04 14:41:32,426 - model.pytorch.supervisor - INFO - epoch complete
2023-03-04 14:41:32,427 - model.pytorch.supervisor - INFO - evaluating now!
2023-03-04 14:41:32,792 - model.pytorch.supervisor - INFO - Epoch [88/2000] (623) train_loss: 0.7377, l1_nll: 0.7032, l1_kld: 0.0000, l2_nll: 0.0345, l2_kld: 0.0000, val_mae: 516992544.0000, lr: 0.001000, 1.0s
2023-03-04 14:41:33,467 - model.pytorch.supervisor - INFO - Epoch [88/2000] (623) test_nll: 512978.2188, test_mae: 0.5213, test_non_mae: 108175958016.0000, lr: 0.001000, 1.0s
2023-03-04 14:41:35,650 - model.pytorch.supervisor - INFO - epoch complete
2023-03-04 14:41:35,651 - model.pytorch.supervisor - INFO - evaluating now!
2023-03-04 14:41:36,033 - model.pytorch.supervisor - INFO - Epoch [89/2000] (630) train_loss: 0.7355, l1_nll: 0.7237, l1_kld: 0.0000, l2_nll: 0.0118, l2_kld: 0.0000, val_mae: 335746240.0000, lr: 0.001000, 0.9s
2023-03-04 14:41:36,651 - model.pytorch.supervisor - INFO - Epoch [89/2000] (630) test_nll: 509207.6562, test_mae: 0.5119, test_non_mae: 65062490112.0000, lr: 0.001000, 0.9s
2023-03-04 14:41:38,955 - model.pytorch.supervisor - INFO - epoch complete
2023-03-04 14:41:38,956 - model.pytorch.supervisor - INFO - evaluating now!
2023-03-04 14:41:39,261 - model.pytorch.supervisor - INFO - Epoch [90/2000] (637) train_loss: 0.7144, l1_nll: 0.6916, l1_kld: 0.0000, l2_nll: 0.0227, l2_kld: 0.0000, val_mae: 373022528.0000, lr: 0.001000, 0.9s
2023-03-04 14:41:39,770 - model.pytorch.supervisor - INFO - Epoch [90/2000] (637) test_nll: 868835.9375, test_mae: 0.5177, test_non_mae: 73043869696.0000, lr: 0.001000, 0.9s
2023-03-04 14:41:41,891 - model.pytorch.supervisor - INFO - epoch complete
2023-03-04 14:41:41,891 - model.pytorch.supervisor - INFO - evaluating now!
2023-03-04 14:41:42,208 - model.pytorch.supervisor - INFO - Epoch [91/2000] (644) train_loss: 0.7490, l1_nll: 0.7075, l1_kld: 0.0000, l2_nll: 0.0415, l2_kld: 0.0000, val_mae: 331906752.0000, lr: 0.001000, 0.8s
2023-03-04 14:41:42,828 - model.pytorch.supervisor - INFO - Epoch [91/2000] (644) test_nll: 1160380.2500, test_mae: 0.5143, test_non_mae: 64941506560.0000, lr: 0.001000, 0.8s
2023-03-04 14:41:45,039 - model.pytorch.supervisor - INFO - epoch complete
2023-03-04 14:41:45,040 - model.pytorch.supervisor - INFO - evaluating now!
2023-03-04 14:41:45,410 - model.pytorch.supervisor - INFO - Epoch [92/2000] (651) train_loss: 0.7719, l1_nll: 0.7200, l1_kld: 0.0000, l2_nll: 0.0518, l2_kld: 0.0000, val_mae: 459747008.0000, lr: 0.001000, 0.9s
2023-03-04 14:41:46,011 - model.pytorch.supervisor - INFO - Epoch [92/2000] (651) test_nll: 1267845.0000, test_mae: 0.5262, test_non_mae: 95056650240.0000, lr: 0.001000, 0.9s
2023-03-04 14:41:48,281 - model.pytorch.supervisor - INFO - epoch complete
2023-03-04 14:41:48,281 - model.pytorch.supervisor - INFO - evaluating now!
2023-03-04 14:41:48,594 - model.pytorch.supervisor - INFO - Epoch [93/2000] (658) train_loss: 0.7279, l1_nll: 0.7030, l1_kld: 0.0000, l2_nll: 0.0249, l2_kld: 0.0000, val_mae: 382159424.0000, lr: 0.001000, 0.9s
2023-03-04 14:41:49,159 - model.pytorch.supervisor - INFO - Epoch [93/2000] (658) test_nll: 778088.4375, test_mae: 0.5149, test_non_mae: 77248380928.0000, lr: 0.001000, 0.9s
2023-03-04 14:41:51,407 - model.pytorch.supervisor - INFO - epoch complete
2023-03-04 14:41:51,408 - model.pytorch.supervisor - INFO - evaluating now!
2023-03-04 14:41:51,700 - model.pytorch.supervisor - INFO - Epoch [94/2000] (665) train_loss: 0.6935, l1_nll: 0.6702, l1_kld: 0.0000, l2_nll: 0.0233, l2_kld: 0.0000, val_mae: 242648032.0000, lr: 0.001000, 0.8s
2023-03-04 14:41:52,219 - model.pytorch.supervisor - INFO - Epoch [94/2000] (665) test_nll: 638285.1875, test_mae: 0.5068, test_non_mae: 45134589952.0000, lr: 0.001000, 0.8s
2023-03-04 14:41:54,529 - model.pytorch.supervisor - INFO - epoch complete
2023-03-04 14:41:54,529 - model.pytorch.supervisor - INFO - evaluating now!
2023-03-04 14:41:54,827 - model.pytorch.supervisor - INFO - Epoch [95/2000] (672) train_loss: 0.7019, l1_nll: 0.6852, l1_kld: 0.0000, l2_nll: 0.0166, l2_kld: 0.0000, val_mae: 307739520.0000, lr: 0.001000, 1.0s
2023-03-04 14:41:55,320 - model.pytorch.supervisor - INFO - Epoch [95/2000] (672) test_nll: 996232.3125, test_mae: 0.5143, test_non_mae: 57967468544.0000, lr: 0.001000, 1.0s
2023-03-04 14:41:57,420 - model.pytorch.supervisor - INFO - epoch complete
2023-03-04 14:41:57,421 - model.pytorch.supervisor - INFO - evaluating now!
2023-03-04 14:41:57,713 - model.pytorch.supervisor - INFO - Epoch [96/2000] (679) train_loss: 0.6919, l1_nll: 0.6687, l1_kld: 0.0000, l2_nll: 0.0231, l2_kld: 0.0000, val_mae: 343075104.0000, lr: 0.001000, 0.8s
2023-03-04 14:41:58,254 - model.pytorch.supervisor - INFO - Epoch [96/2000] (679) test_nll: 1372304.0000, test_mae: 0.5140, test_non_mae: 68066324480.0000, lr: 0.001000, 0.8s
2023-03-04 14:42:00,376 - model.pytorch.supervisor - INFO - epoch complete
2023-03-04 14:42:00,377 - model.pytorch.supervisor - INFO - evaluating now!
2023-03-04 14:42:00,687 - model.pytorch.supervisor - INFO - Epoch [97/2000] (686) train_loss: 0.6734, l1_nll: 0.6579, l1_kld: 0.0000, l2_nll: 0.0154, l2_kld: 0.0000, val_mae: 247583344.0000, lr: 0.001000, 0.8s
2023-03-04 14:42:01,228 - model.pytorch.supervisor - INFO - Epoch [97/2000] (686) test_nll: 1524168.0000, test_mae: 0.5077, test_non_mae: 46132121600.0000, lr: 0.001000, 0.8s
2023-03-04 14:42:03,592 - model.pytorch.supervisor - INFO - epoch complete
2023-03-04 14:42:03,592 - model.pytorch.supervisor - INFO - evaluating now!
2023-03-04 14:42:03,912 - model.pytorch.supervisor - INFO - Epoch [98/2000] (693) train_loss: 0.6709, l1_nll: 0.6551, l1_kld: 0.0000, l2_nll: 0.0158, l2_kld: 0.0000, val_mae: 174096896.0000, lr: 0.001000, 1.0s
2023-03-04 14:42:04,531 - model.pytorch.supervisor - INFO - Epoch [98/2000] (693) test_nll: 1498290.0000, test_mae: 0.5056, test_non_mae: 29809821696.0000, lr: 0.001000, 1.0s
2023-03-04 14:42:06,848 - model.pytorch.supervisor - INFO - epoch complete
2023-03-04 14:42:06,848 - model.pytorch.supervisor - INFO - evaluating now!
2023-03-04 14:42:07,155 - model.pytorch.supervisor - INFO - Epoch [99/2000] (700) train_loss: 0.6875, l1_nll: 0.6491, l1_kld: 0.0001, l2_nll: 0.0382, l2_kld: 0.0000, val_mae: 311857376.0000, lr: 0.001000, 0.9s
2023-03-04 14:42:07,660 - model.pytorch.supervisor - INFO - Epoch [99/2000] (700) test_nll: 1772167.7500, test_mae: 0.5177, test_non_mae: 60629671936.0000, lr: 0.001000, 0.9s
2023-03-04 14:42:09,752 - model.pytorch.supervisor - INFO - epoch complete
2023-03-04 14:42:09,752 - model.pytorch.supervisor - INFO - evaluating now!
2023-03-04 14:42:10,055 - model.pytorch.supervisor - INFO - Epoch [100/2000] (707) train_loss: 0.6727, l1_nll: 0.6566, l1_kld: 0.0000, l2_nll: 0.0160, l2_kld: 0.0000, val_mae: 393473856.0000, lr: 0.001000, 0.8s
2023-03-04 14:42:10,627 - model.pytorch.supervisor - INFO - Epoch [100/2000] (707) test_nll: 2207641.2500, test_mae: 0.5260, test_non_mae: 81130536960.0000, lr: 0.001000, 0.8s
2023-03-04 14:42:12,795 - model.pytorch.supervisor - INFO - epoch complete
2023-03-04 14:42:12,796 - model.pytorch.supervisor - INFO - evaluating now!
2023-03-04 14:42:13,124 - model.pytorch.supervisor - INFO - Epoch [101/2000] (714) train_loss: 0.6923, l1_nll: 0.6555, l1_kld: 0.0000, l2_nll: 0.0367, l2_kld: 0.0000, val_mae: 203720768.0000, lr: 0.001000, 0.8s
2023-03-04 14:42:13,613 - model.pytorch.supervisor - INFO - Epoch [101/2000] (714) test_nll: 1891346.2500, test_mae: 0.5078, test_non_mae: 35718807552.0000, lr: 0.001000, 0.8s
2023-03-04 14:42:15,741 - model.pytorch.supervisor - INFO - epoch complete
2023-03-04 14:42:15,741 - model.pytorch.supervisor - INFO - evaluating now!
2023-03-04 14:42:16,083 - model.pytorch.supervisor - INFO - Epoch [102/2000] (721) train_loss: 0.6891, l1_nll: 0.6526, l1_kld: 0.0001, l2_nll: 0.0364, l2_kld: 0.0000, val_mae: 373835456.0000, lr: 0.001000, 0.8s
2023-03-04 14:42:16,644 - model.pytorch.supervisor - INFO - Epoch [102/2000] (721) test_nll: 2779603.2500, test_mae: 0.5250, test_non_mae: 75213987840.0000, lr: 0.001000, 0.8s
2023-03-04 14:42:18,791 - model.pytorch.supervisor - INFO - epoch complete
2023-03-04 14:42:18,791 - model.pytorch.supervisor - INFO - evaluating now!
2023-03-04 14:42:19,124 - model.pytorch.supervisor - INFO - Epoch [103/2000] (728) train_loss: 0.6741, l1_nll: 0.6293, l1_kld: 0.0000, l2_nll: 0.0447, l2_kld: 0.0000, val_mae: 282070464.0000, lr: 0.001000, 0.8s
2023-03-04 14:42:19,650 - model.pytorch.supervisor - INFO - Epoch [103/2000] (728) test_nll: 1917597.8750, test_mae: 0.5114, test_non_mae: 54569766912.0000, lr: 0.001000, 0.8s
2023-03-04 14:42:21,772 - model.pytorch.supervisor - INFO - epoch complete
2023-03-04 14:42:21,773 - model.pytorch.supervisor - INFO - evaluating now!
2023-03-04 14:42:22,058 - model.pytorch.supervisor - INFO - Epoch [104/2000] (735) train_loss: 0.6227, l1_nll: 0.6094, l1_kld: 0.0001, l2_nll: 0.0132, l2_kld: 0.0000, val_mae: 262609280.0000, lr: 0.001000, 0.8s
2023-03-04 14:42:22,552 - model.pytorch.supervisor - INFO - Epoch [104/2000] (735) test_nll: 2051467.7500, test_mae: 0.5142, test_non_mae: 48413216768.0000, lr: 0.001000, 0.8s
2023-03-04 14:42:24,781 - model.pytorch.supervisor - INFO - epoch complete
2023-03-04 14:42:24,781 - model.pytorch.supervisor - INFO - evaluating now!
2023-03-04 14:42:25,121 - model.pytorch.supervisor - INFO - Epoch [105/2000] (742) train_loss: 0.6153, l1_nll: 0.5994, l1_kld: 0.0000, l2_nll: 0.0159, l2_kld: 0.0000, val_mae: 280047872.0000, lr: 0.001000, 0.9s
2023-03-04 14:42:25,668 - model.pytorch.supervisor - INFO - Epoch [105/2000] (742) test_nll: 3002380.2500, test_mae: 0.5132, test_non_mae: 52937199616.0000, lr: 0.001000, 0.9s
2023-03-04 14:42:27,974 - model.pytorch.supervisor - INFO - epoch complete
2023-03-04 14:42:27,975 - model.pytorch.supervisor - INFO - evaluating now!
2023-03-04 14:42:28,312 - model.pytorch.supervisor - INFO - Epoch [106/2000] (749) train_loss: 0.6974, l1_nll: 0.6645, l1_kld: 0.0001, l2_nll: 0.0328, l2_kld: 0.0000, val_mae: 288864672.0000, lr: 0.001000, 1.0s
2023-03-04 14:42:28,918 - model.pytorch.supervisor - INFO - Epoch [106/2000] (749) test_nll: 3670231.5000, test_mae: 0.5169, test_non_mae: 55505256448.0000, lr: 0.001000, 1.0s
2023-03-04 14:42:31,036 - model.pytorch.supervisor - INFO - epoch complete
2023-03-04 14:42:31,036 - model.pytorch.supervisor - INFO - evaluating now!
2023-03-04 14:42:31,305 - model.pytorch.supervisor - INFO - Epoch [107/2000] (756) train_loss: 0.6965, l1_nll: 0.6773, l1_kld: 0.0000, l2_nll: 0.0191, l2_kld: 0.0000, val_mae: 286622976.0000, lr: 0.001000, 0.7s
2023-03-04 14:42:31,807 - model.pytorch.supervisor - INFO - Epoch [107/2000] (756) test_nll: 4923075.5000, test_mae: 0.5204, test_non_mae: 55082823680.0000, lr: 0.001000, 0.7s
2023-03-04 14:42:33,957 - model.pytorch.supervisor - INFO - epoch complete
2023-03-04 14:42:33,958 - model.pytorch.supervisor - INFO - evaluating now!
2023-03-04 14:42:34,253 - model.pytorch.supervisor - INFO - Epoch [108/2000] (763) train_loss: 0.6654, l1_nll: 0.6598, l1_kld: 0.0000, l2_nll: 0.0056, l2_kld: 0.0000, val_mae: 243843408.0000, lr: 0.001000, 0.8s
2023-03-04 14:42:34,761 - model.pytorch.supervisor - INFO - Epoch [108/2000] (763) test_nll: 5825004.0000, test_mae: 0.5146, test_non_mae: 45059543040.0000, lr: 0.001000, 0.8s
2023-03-04 14:42:36,981 - model.pytorch.supervisor - INFO - epoch complete
2023-03-04 14:42:36,981 - model.pytorch.supervisor - INFO - evaluating now!
2023-03-04 14:42:37,349 - model.pytorch.supervisor - INFO - Epoch [109/2000] (770) train_loss: 0.6539, l1_nll: 0.6376, l1_kld: 0.0000, l2_nll: 0.0163, l2_kld: 0.0000, val_mae: 265210944.0000, lr: 0.001000, 0.9s
2023-03-04 14:42:37,949 - model.pytorch.supervisor - INFO - Epoch [109/2000] (770) test_nll: 6765820.5000, test_mae: 0.5175, test_non_mae: 49942388736.0000, lr: 0.001000, 0.9s
2023-03-04 14:42:40,111 - model.pytorch.supervisor - INFO - epoch complete
2023-03-04 14:42:40,111 - model.pytorch.supervisor - INFO - evaluating now!
2023-03-04 14:42:40,416 - model.pytorch.supervisor - INFO - Epoch [110/2000] (777) train_loss: 0.6290, l1_nll: 0.6203, l1_kld: 0.0000, l2_nll: 0.0086, l2_kld: 0.0000, val_mae: 215942816.0000, lr: 0.001000, 0.8s
2023-03-04 14:42:40,928 - model.pytorch.supervisor - INFO - Epoch [110/2000] (777) test_nll: 5036603.5000, test_mae: 0.5145, test_non_mae: 39142100992.0000, lr: 0.001000, 0.8s
2023-03-04 14:42:43,049 - model.pytorch.supervisor - INFO - epoch complete
2023-03-04 14:42:43,049 - model.pytorch.supervisor - INFO - evaluating now!
2023-03-04 14:42:43,358 - model.pytorch.supervisor - INFO - Epoch [111/2000] (784) train_loss: 0.6162, l1_nll: 0.6100, l1_kld: 0.0000, l2_nll: 0.0062, l2_kld: 0.0000, val_mae: 218044208.0000, lr: 0.001000, 0.8s
2023-03-04 14:42:43,868 - model.pytorch.supervisor - INFO - Epoch [111/2000] (784) test_nll: 5529813.5000, test_mae: 0.5148, test_non_mae: 39669612544.0000, lr: 0.001000, 0.8s
2023-03-04 14:42:46,026 - model.pytorch.supervisor - INFO - epoch complete
2023-03-04 14:42:46,026 - model.pytorch.supervisor - INFO - evaluating now!
2023-03-04 14:42:46,390 - model.pytorch.supervisor - INFO - Epoch [112/2000] (791) train_loss: 0.6595, l1_nll: 0.6363, l1_kld: 0.0000, l2_nll: 0.0231, l2_kld: 0.0000, val_mae: 221366560.0000, lr: 0.001000, 0.9s
2023-03-04 14:42:46,997 - model.pytorch.supervisor - INFO - Epoch [112/2000] (791) test_nll: 5927407.0000, test_mae: 0.5142, test_non_mae: 41300447232.0000, lr: 0.001000, 0.9s
2023-03-04 14:42:49,158 - model.pytorch.supervisor - INFO - epoch complete
2023-03-04 14:42:49,158 - model.pytorch.supervisor - INFO - evaluating now!
2023-03-04 14:42:49,477 - model.pytorch.supervisor - INFO - Epoch [113/2000] (798) train_loss: 0.6469, l1_nll: 0.6267, l1_kld: 0.0000, l2_nll: 0.0202, l2_kld: 0.0000, val_mae: 193693856.0000, lr: 0.001000, 0.8s
2023-03-04 14:42:49,962 - model.pytorch.supervisor - INFO - Epoch [113/2000] (798) test_nll: 5813518.5000, test_mae: 0.5114, test_non_mae: 34372833280.0000, lr: 0.001000, 0.8s
2023-03-04 14:42:52,047 - model.pytorch.supervisor - INFO - epoch complete
2023-03-04 14:42:52,047 - model.pytorch.supervisor - INFO - evaluating now!
2023-03-04 14:42:52,318 - model.pytorch.supervisor - INFO - Epoch [114/2000] (805) train_loss: 0.6413, l1_nll: 0.6194, l1_kld: 0.0000, l2_nll: 0.0219, l2_kld: 0.0000, val_mae: 323126784.0000, lr: 0.001000, 0.7s
2023-03-04 14:42:52,791 - model.pytorch.supervisor - INFO - Epoch [114/2000] (805) test_nll: 8261851.0000, test_mae: 0.5265, test_non_mae: 64516882432.0000, lr: 0.001000, 0.7s
2023-03-04 14:42:54,953 - model.pytorch.supervisor - INFO - epoch complete
2023-03-04 14:42:54,953 - model.pytorch.supervisor - INFO - evaluating now!
2023-03-04 14:42:55,283 - model.pytorch.supervisor - INFO - Epoch [115/2000] (812) train_loss: 0.6270, l1_nll: 0.6240, l1_kld: 0.0000, l2_nll: 0.0030, l2_kld: 0.0000, val_mae: 223180016.0000, lr: 0.001000, 0.8s
2023-03-04 14:42:55,844 - model.pytorch.supervisor - INFO - Epoch [115/2000] (812) test_nll: 8320003.5000, test_mae: 0.5183, test_non_mae: 40542420992.0000, lr: 0.001000, 0.8s
2023-03-04 14:42:58,023 - model.pytorch.supervisor - INFO - epoch complete
2023-03-04 14:42:58,024 - model.pytorch.supervisor - INFO - evaluating now!
2023-03-04 14:42:58,373 - model.pytorch.supervisor - INFO - Epoch [116/2000] (819) train_loss: 0.6488, l1_nll: 0.6331, l1_kld: 0.0000, l2_nll: 0.0156, l2_kld: 0.0000, val_mae: 150287808.0000, lr: 0.001000, 0.9s
2023-03-04 14:42:58,923 - model.pytorch.supervisor - INFO - Epoch [116/2000] (819) test_nll: 6281648.5000, test_mae: 0.5084, test_non_mae: 25068802048.0000, lr: 0.001000, 0.9s
2023-03-04 14:43:01,140 - model.pytorch.supervisor - INFO - epoch complete
2023-03-04 14:43:01,141 - model.pytorch.supervisor - INFO - evaluating now!
2023-03-04 14:43:01,500 - model.pytorch.supervisor - INFO - Epoch [117/2000] (826) train_loss: 0.5900, l1_nll: 0.5950, l1_kld: 0.0000, l2_nll: -0.0051, l2_kld: 0.0000, val_mae: 189242672.0000, lr: 0.001000, 0.9s
2023-03-04 14:43:02,069 - model.pytorch.supervisor - INFO - Epoch [117/2000] (826) test_nll: 8312392.0000, test_mae: 0.5170, test_non_mae: 33229099008.0000, lr: 0.001000, 0.9s
2023-03-04 14:43:04,349 - model.pytorch.supervisor - INFO - epoch complete
2023-03-04 14:43:04,349 - model.pytorch.supervisor - INFO - evaluating now!
2023-03-04 14:43:04,689 - model.pytorch.supervisor - INFO - Epoch [118/2000] (833) train_loss: 0.6010, l1_nll: 0.6038, l1_kld: 0.0000, l2_nll: -0.0028, l2_kld: 0.0000, val_mae: 202754080.0000, lr: 0.001000, 0.9s
2023-03-04 14:43:05,289 - model.pytorch.supervisor - INFO - Epoch [118/2000] (833) test_nll: 11027225.0000, test_mae: 0.5184, test_non_mae: 36590112768.0000, lr: 0.001000, 0.9s
2023-03-04 14:43:07,711 - model.pytorch.supervisor - INFO - epoch complete
2023-03-04 14:43:07,712 - model.pytorch.supervisor - INFO - evaluating now!
2023-03-04 14:43:08,028 - model.pytorch.supervisor - INFO - Epoch [119/2000] (840) train_loss: 0.6020, l1_nll: 0.5922, l1_kld: 0.0000, l2_nll: 0.0098, l2_kld: 0.0000, val_mae: 155737824.0000, lr: 0.001000, 1.0s
2023-03-04 14:43:08,582 - model.pytorch.supervisor - INFO - Epoch [119/2000] (840) test_nll: 9662267.0000, test_mae: 0.5095, test_non_mae: 25990565888.0000, lr: 0.001000, 1.0s
2023-03-04 14:43:10,783 - model.pytorch.supervisor - INFO - epoch complete
2023-03-04 14:43:10,783 - model.pytorch.supervisor - INFO - evaluating now!
2023-03-04 14:43:11,076 - model.pytorch.supervisor - INFO - Epoch [120/2000] (847) train_loss: 0.6181, l1_nll: 0.6246, l1_kld: 0.0000, l2_nll: -0.0065, l2_kld: 0.0000, val_mae: 166377696.0000, lr: 0.001000, 0.8s
2023-03-04 14:43:11,581 - model.pytorch.supervisor - INFO - Epoch [120/2000] (847) test_nll: 9443928.0000, test_mae: 0.5065, test_non_mae: 28769830912.0000, lr: 0.001000, 0.8s
2023-03-04 14:43:13,846 - model.pytorch.supervisor - INFO - epoch complete
2023-03-04 14:43:13,846 - model.pytorch.supervisor - INFO - evaluating now!
2023-03-04 14:43:14,171 - model.pytorch.supervisor - INFO - Epoch [121/2000] (854) train_loss: 0.5972, l1_nll: 0.6076, l1_kld: 0.0000, l2_nll: -0.0105, l2_kld: 0.0000, val_mae: 189548128.0000, lr: 0.001000, 0.9s
2023-03-04 14:43:14,810 - model.pytorch.supervisor - INFO - Epoch [121/2000] (854) test_nll: 11816220.0000, test_mae: 0.5210, test_non_mae: 34006634496.0000, lr: 0.001000, 0.9s
2023-03-04 14:43:17,186 - model.pytorch.supervisor - INFO - epoch complete
2023-03-04 14:43:17,186 - model.pytorch.supervisor - INFO - evaluating now!
2023-03-04 14:43:17,505 - model.pytorch.supervisor - INFO - Epoch [122/2000] (861) train_loss: 0.6461, l1_nll: 0.6103, l1_kld: 0.0000, l2_nll: 0.0358, l2_kld: 0.0000, val_mae: 164133360.0000, lr: 0.001000, 0.9s
2023-03-04 14:43:18,046 - model.pytorch.supervisor - INFO - Epoch [122/2000] (861) test_nll: 12356082.0000, test_mae: 0.5194, test_non_mae: 26791952384.0000, lr: 0.001000, 0.9s
2023-03-04 14:43:20,319 - model.pytorch.supervisor - INFO - epoch complete
2023-03-04 14:43:20,319 - model.pytorch.supervisor - INFO - evaluating now!
2023-03-04 14:43:20,643 - model.pytorch.supervisor - INFO - Epoch [123/2000] (868) train_loss: 0.6117, l1_nll: 0.6041, l1_kld: 0.0000, l2_nll: 0.0076, l2_kld: 0.0000, val_mae: 162596256.0000, lr: 0.001000, 0.9s
2023-03-04 14:43:21,208 - model.pytorch.supervisor - INFO - Epoch [123/2000] (868) test_nll: 10547590.0000, test_mae: 0.5100, test_non_mae: 27586394112.0000, lr: 0.001000, 0.9s
2023-03-04 14:43:23,396 - model.pytorch.supervisor - INFO - epoch complete
2023-03-04 14:43:23,396 - model.pytorch.supervisor - INFO - evaluating now!
2023-03-04 14:43:23,663 - model.pytorch.supervisor - INFO - Epoch [124/2000] (875) train_loss: 0.6273, l1_nll: 0.6085, l1_kld: 0.0000, l2_nll: 0.0188, l2_kld: 0.0000, val_mae: 128882464.0000, lr: 0.001000, 0.7s
2023-03-04 14:43:24,172 - model.pytorch.supervisor - INFO - Epoch [124/2000] (875) test_nll: 10346951.0000, test_mae: 0.5068, test_non_mae: 21146732544.0000, lr: 0.001000, 0.7s
2023-03-04 14:43:26,386 - model.pytorch.supervisor - INFO - epoch complete
2023-03-04 14:43:26,386 - model.pytorch.supervisor - INFO - evaluating now!
2023-03-04 14:43:26,729 - model.pytorch.supervisor - INFO - Epoch [125/2000] (882) train_loss: 0.6168, l1_nll: 0.6040, l1_kld: 0.0000, l2_nll: 0.0127, l2_kld: 0.0000, val_mae: 180577600.0000, lr: 0.001000, 0.9s
2023-03-04 14:43:27,391 - model.pytorch.supervisor - INFO - Epoch [125/2000] (882) test_nll: 13454486.0000, test_mae: 0.5220, test_non_mae: 30493874176.0000, lr: 0.001000, 0.9s
2023-03-04 14:43:29,703 - model.pytorch.supervisor - INFO - epoch complete
2023-03-04 14:43:29,704 - model.pytorch.supervisor - INFO - evaluating now!
2023-03-04 14:43:30,003 - model.pytorch.supervisor - INFO - Epoch [126/2000] (889) train_loss: 0.6136, l1_nll: 0.6050, l1_kld: 0.0000, l2_nll: 0.0086, l2_kld: 0.0000, val_mae: 180396272.0000, lr: 0.001000, 1.0s
2023-03-04 14:43:30,492 - model.pytorch.supervisor - INFO - Epoch [126/2000] (889) test_nll: 12985933.0000, test_mae: 0.5189, test_non_mae: 30929287168.0000, lr: 0.001000, 1.0s
2023-03-04 14:43:32,708 - model.pytorch.supervisor - INFO - epoch complete
2023-03-04 14:43:32,708 - model.pytorch.supervisor - INFO - evaluating now!
2023-03-04 14:43:33,022 - model.pytorch.supervisor - INFO - Epoch [127/2000] (896) train_loss: 0.6039, l1_nll: 0.5988, l1_kld: 0.0000, l2_nll: 0.0051, l2_kld: 0.0000, val_mae: 155820848.0000, lr: 0.001000, 0.9s
2023-03-04 14:43:33,644 - model.pytorch.supervisor - INFO - Epoch [127/2000] (896) test_nll: 9739378.0000, test_mae: 0.5169, test_non_mae: 25762011136.0000, lr: 0.001000, 0.9s
2023-03-04 14:43:35,800 - model.pytorch.supervisor - INFO - epoch complete
2023-03-04 14:43:35,800 - model.pytorch.supervisor - INFO - evaluating now!
2023-03-04 14:43:36,094 - model.pytorch.supervisor - INFO - Epoch [128/2000] (903) train_loss: 0.5944, l1_nll: 0.5937, l1_kld: 0.0000, l2_nll: 0.0007, l2_kld: 0.0000, val_mae: 132013104.0000, lr: 0.001000, 0.8s
2023-03-04 14:43:36,592 - model.pytorch.supervisor - INFO - Epoch [128/2000] (903) test_nll: 8301995.5000, test_mae: 0.5081, test_non_mae: 21261770752.0000, lr: 0.001000, 0.8s
2023-03-04 14:43:38,944 - model.pytorch.supervisor - INFO - epoch complete
2023-03-04 14:43:38,944 - model.pytorch.supervisor - INFO - evaluating now!
2023-03-04 14:43:39,291 - model.pytorch.supervisor - INFO - Epoch [129/2000] (910) train_loss: 0.5768, l1_nll: 0.5814, l1_kld: 0.0000, l2_nll: -0.0047, l2_kld: 0.0000, val_mae: 144867696.0000, lr: 0.001000, 0.9s
2023-03-04 14:43:39,995 - model.pytorch.supervisor - INFO - Epoch [129/2000] (910) test_nll: 10959961.0000, test_mae: 0.5137, test_non_mae: 24371279872.0000, lr: 0.001000, 0.9s
2023-03-04 14:43:42,103 - model.pytorch.supervisor - INFO - epoch complete
2023-03-04 14:43:42,104 - model.pytorch.supervisor - INFO - evaluating now!
2023-03-04 14:43:42,452 - model.pytorch.supervisor - INFO - Epoch [130/2000] (917) train_loss: 0.5976, l1_nll: 0.6150, l1_kld: 0.0000, l2_nll: -0.0175, l2_kld: 0.0000, val_mae: 127644248.0000, lr: 0.001000, 0.8s
2023-03-04 14:43:43,079 - model.pytorch.supervisor - INFO - Epoch [130/2000] (917) test_nll: 16644785.0000, test_mae: 0.5136, test_non_mae: 20691855360.0000, lr: 0.001000, 0.8s
2023-03-04 14:43:45,302 - model.pytorch.supervisor - INFO - epoch complete
2023-03-04 14:43:45,302 - model.pytorch.supervisor - INFO - evaluating now!
2023-03-04 14:43:45,582 - model.pytorch.supervisor - INFO - Epoch [131/2000] (924) train_loss: 0.5796, l1_nll: 0.5841, l1_kld: 0.0000, l2_nll: -0.0045, l2_kld: 0.0000, val_mae: 149509040.0000, lr: 0.001000, 0.8s
2023-03-04 14:43:46,079 - model.pytorch.supervisor - INFO - Epoch [131/2000] (924) test_nll: 25693648.0000, test_mae: 0.5163, test_non_mae: 25232271360.0000, lr: 0.001000, 0.8s
2023-03-04 14:43:48,382 - model.pytorch.supervisor - INFO - epoch complete
2023-03-04 14:43:48,383 - model.pytorch.supervisor - INFO - evaluating now!
2023-03-04 14:43:48,714 - model.pytorch.supervisor - INFO - Epoch [132/2000] (931) train_loss: 0.6096, l1_nll: 0.6073, l1_kld: 0.0000, l2_nll: 0.0022, l2_kld: 0.0000, val_mae: 163710784.0000, lr: 0.001000, 1.0s
2023-03-04 14:43:49,301 - model.pytorch.supervisor - INFO - Epoch [132/2000] (931) test_nll: 27835596.0000, test_mae: 0.5218, test_non_mae: 27674091520.0000, lr: 0.001000, 1.0s
2023-03-04 14:43:51,645 - model.pytorch.supervisor - INFO - epoch complete
2023-03-04 14:43:51,646 - model.pytorch.supervisor - INFO - evaluating now!
2023-03-04 14:43:51,964 - model.pytorch.supervisor - INFO - Epoch [133/2000] (938) train_loss: 0.5630, l1_nll: 0.5702, l1_kld: 0.0000, l2_nll: -0.0072, l2_kld: 0.0000, val_mae: 188633312.0000, lr: 0.001000, 1.0s
2023-03-04 14:43:52,530 - model.pytorch.supervisor - INFO - Epoch [133/2000] (938) test_nll: 19839954.0000, test_mae: 0.5259, test_non_mae: 33290010624.0000, lr: 0.001000, 1.0s
2023-03-04 14:43:54,692 - model.pytorch.supervisor - INFO - epoch complete
2023-03-04 14:43:54,693 - model.pytorch.supervisor - INFO - evaluating now!
2023-03-04 14:43:54,988 - model.pytorch.supervisor - INFO - Epoch [134/2000] (945) train_loss: 0.5759, l1_nll: 0.5743, l1_kld: 0.0000, l2_nll: 0.0016, l2_kld: 0.0000, val_mae: 127559528.0000, lr: 0.001000, 0.8s
2023-03-04 14:43:55,599 - model.pytorch.supervisor - INFO - Epoch [134/2000] (945) test_nll: 11222604.0000, test_mae: 0.5196, test_non_mae: 20362139648.0000, lr: 0.001000, 0.8s
2023-03-04 14:43:57,767 - model.pytorch.supervisor - INFO - epoch complete
2023-03-04 14:43:57,768 - model.pytorch.supervisor - INFO - evaluating now!
2023-03-04 14:43:58,129 - model.pytorch.supervisor - INFO - Epoch [135/2000] (952) train_loss: 0.5718, l1_nll: 0.5901, l1_kld: 0.0000, l2_nll: -0.0183, l2_kld: 0.0000, val_mae: 98684512.0000, lr: 0.001000, 0.9s
2023-03-04 14:43:58,630 - model.pytorch.supervisor - INFO - Epoch [135/2000] (952) test_nll: 11243980.0000, test_mae: 0.5120, test_non_mae: 15157361664.0000, lr: 0.001000, 0.9s
2023-03-04 14:44:00,746 - model.pytorch.supervisor - INFO - epoch complete
2023-03-04 14:44:00,746 - model.pytorch.supervisor - INFO - evaluating now!
2023-03-04 14:44:01,032 - model.pytorch.supervisor - INFO - Epoch [136/2000] (959) train_loss: 0.5683, l1_nll: 0.5797, l1_kld: 0.0000, l2_nll: -0.0114, l2_kld: 0.0000, val_mae: 103271216.0000, lr: 0.001000, 0.7s
2023-03-04 14:44:01,534 - model.pytorch.supervisor - INFO - Epoch [136/2000] (959) test_nll: 13710583.0000, test_mae: 0.5090, test_non_mae: 15986368512.0000, lr: 0.001000, 0.7s
2023-03-04 14:44:03,771 - model.pytorch.supervisor - INFO - epoch complete
2023-03-04 14:44:03,771 - model.pytorch.supervisor - INFO - evaluating now!
2023-03-04 14:44:04,071 - model.pytorch.supervisor - INFO - Epoch [137/2000] (966) train_loss: 0.5531, l1_nll: 0.5840, l1_kld: 0.0000, l2_nll: -0.0309, l2_kld: 0.0000, val_mae: 91019640.0000, lr: 0.001000, 0.8s
2023-03-04 14:44:04,774 - model.pytorch.supervisor - INFO - Epoch [137/2000] (966) test_nll: 19701286.0000, test_mae: 0.5072, test_non_mae: 13545508864.0000, lr: 0.001000, 0.8s
2023-03-04 14:44:07,056 - model.pytorch.supervisor - INFO - epoch complete
2023-03-04 14:44:07,057 - model.pytorch.supervisor - INFO - evaluating now!
2023-03-04 14:44:07,371 - model.pytorch.supervisor - INFO - Epoch [138/2000] (973) train_loss: 0.5405, l1_nll: 0.5463, l1_kld: 0.0000, l2_nll: -0.0059, l2_kld: 0.0000, val_mae: 91345216.0000, lr: 0.001000, 0.9s
2023-03-04 14:44:07,893 - model.pytorch.supervisor - INFO - Epoch [138/2000] (973) test_nll: 19172140.0000, test_mae: 0.5075, test_non_mae: 14022421504.0000, lr: 0.001000, 0.9s
2023-03-04 14:44:10,204 - model.pytorch.supervisor - INFO - epoch complete
2023-03-04 14:44:10,205 - model.pytorch.supervisor - INFO - evaluating now!
2023-03-04 14:44:10,565 - model.pytorch.supervisor - INFO - Epoch [139/2000] (980) train_loss: 0.5747, l1_nll: 0.5752, l1_kld: 0.0000, l2_nll: -0.0005, l2_kld: 0.0000, val_mae: 89911840.0000, lr: 0.001000, 1.0s
2023-03-04 14:44:11,114 - model.pytorch.supervisor - INFO - Epoch [139/2000] (980) test_nll: 20627036.0000, test_mae: 0.5082, test_non_mae: 13660575744.0000, lr: 0.001000, 1.0s
2023-03-04 14:44:13,311 - model.pytorch.supervisor - INFO - epoch complete
2023-03-04 14:44:13,311 - model.pytorch.supervisor - INFO - evaluating now!
2023-03-04 14:44:13,590 - model.pytorch.supervisor - INFO - Epoch [140/2000] (987) train_loss: 0.5636, l1_nll: 0.5717, l1_kld: 0.0000, l2_nll: -0.0081, l2_kld: 0.0000, val_mae: 110700488.0000, lr: 0.001000, 0.8s
2023-03-04 14:44:14,097 - model.pytorch.supervisor - INFO - Epoch [140/2000] (987) test_nll: 20513712.0000, test_mae: 0.5131, test_non_mae: 17357867008.0000, lr: 0.001000, 0.8s
2023-03-04 14:44:16,301 - model.pytorch.supervisor - INFO - epoch complete
2023-03-04 14:44:16,301 - model.pytorch.supervisor - INFO - evaluating now!
2023-03-04 14:44:16,688 - model.pytorch.supervisor - INFO - Epoch [141/2000] (994) train_loss: 0.5856, l1_nll: 0.5941, l1_kld: 0.0000, l2_nll: -0.0085, l2_kld: 0.0000, val_mae: 101196152.0000, lr: 0.001000, 1.0s
2023-03-04 14:44:17,352 - model.pytorch.supervisor - INFO - Epoch [141/2000] (994) test_nll: 23191662.0000, test_mae: 0.5141, test_non_mae: 15661148160.0000, lr: 0.001000, 1.0s
2023-03-04 14:44:19,748 - model.pytorch.supervisor - INFO - epoch complete
2023-03-04 14:44:19,751 - model.pytorch.supervisor - INFO - evaluating now!
2023-03-04 14:44:20,086 - model.pytorch.supervisor - INFO - Epoch [142/2000] (1001) train_loss: 0.5327, l1_nll: 0.5353, l1_kld: 0.0000, l2_nll: -0.0026, l2_kld: 0.0000, val_mae: 124672072.0000, lr: 0.001000, 1.0s
2023-03-04 14:44:20,656 - model.pytorch.supervisor - INFO - Epoch [142/2000] (1001) test_nll: 30879704.0000, test_mae: 0.5224, test_non_mae: 20447000576.0000, lr: 0.001000, 1.0s
2023-03-04 14:44:23,022 - model.pytorch.supervisor - INFO - epoch complete
2023-03-04 14:44:23,023 - model.pytorch.supervisor - INFO - evaluating now!
2023-03-04 14:44:23,348 - model.pytorch.supervisor - INFO - Epoch [143/2000] (1008) train_loss: 0.5345, l1_nll: 0.5475, l1_kld: 0.0000, l2_nll: -0.0131, l2_kld: 0.0000, val_mae: 89641832.0000, lr: 0.001000, 0.9s
2023-03-04 14:44:23,927 - model.pytorch.supervisor - INFO - Epoch [143/2000] (1008) test_nll: 20063396.0000, test_mae: 0.5131, test_non_mae: 13427130368.0000, lr: 0.001000, 0.9s
2023-03-04 14:44:26,203 - model.pytorch.supervisor - INFO - epoch complete
2023-03-04 14:44:26,204 - model.pytorch.supervisor - INFO - evaluating now!
2023-03-04 14:44:26,567 - model.pytorch.supervisor - INFO - Epoch [144/2000] (1015) train_loss: 0.5369, l1_nll: 0.5542, l1_kld: 0.0000, l2_nll: -0.0173, l2_kld: 0.0000, val_mae: 100463808.0000, lr: 0.001000, 0.9s
2023-03-04 14:44:27,209 - model.pytorch.supervisor - INFO - Epoch [144/2000] (1015) test_nll: 28559220.0000, test_mae: 0.5105, test_non_mae: 16095406080.0000, lr: 0.001000, 0.9s
2023-03-04 14:44:29,386 - model.pytorch.supervisor - INFO - epoch complete
2023-03-04 14:44:29,386 - model.pytorch.supervisor - INFO - evaluating now!
2023-03-04 14:44:29,695 - model.pytorch.supervisor - INFO - Epoch [145/2000] (1022) train_loss: 0.5114, l1_nll: 0.5277, l1_kld: 0.0000, l2_nll: -0.0164, l2_kld: 0.0000, val_mae: 93262696.0000, lr: 0.001000, 0.8s
2023-03-04 14:44:30,240 - model.pytorch.supervisor - INFO - Epoch [145/2000] (1022) test_nll: 34340604.0000, test_mae: 0.5160, test_non_mae: 14218173440.0000, lr: 0.001000, 0.8s
2023-03-04 14:44:32,451 - model.pytorch.supervisor - INFO - epoch complete
2023-03-04 14:44:32,451 - model.pytorch.supervisor - INFO - evaluating now!
2023-03-04 14:44:32,746 - model.pytorch.supervisor - INFO - Epoch [146/2000] (1029) train_loss: 0.5315, l1_nll: 0.5492, l1_kld: 0.0000, l2_nll: -0.0177, l2_kld: 0.0000, val_mae: 70406872.0000, lr: 0.001000, 0.8s
2023-03-04 14:44:33,270 - model.pytorch.supervisor - INFO - Epoch [146/2000] (1029) test_nll: 30361700.0000, test_mae: 0.5081, test_non_mae: 9885096960.0000, lr: 0.001000, 0.8s
2023-03-04 14:44:35,713 - model.pytorch.supervisor - INFO - epoch complete
2023-03-04 14:44:35,713 - model.pytorch.supervisor - INFO - evaluating now!
2023-03-04 14:44:36,047 - model.pytorch.supervisor - INFO - Epoch [147/2000] (1036) train_loss: 0.5462, l1_nll: 0.5441, l1_kld: 0.0000, l2_nll: 0.0020, l2_kld: 0.0000, val_mae: 92821264.0000, lr: 0.001000, 1.1s
2023-03-04 14:44:36,607 - model.pytorch.supervisor - INFO - Epoch [147/2000] (1036) test_nll: 37896016.0000, test_mae: 0.5143, test_non_mae: 13915928576.0000, lr: 0.001000, 1.1s
2023-03-04 14:44:38,837 - model.pytorch.supervisor - INFO - epoch complete
2023-03-04 14:44:38,837 - model.pytorch.supervisor - INFO - evaluating now!
2023-03-04 14:44:39,115 - model.pytorch.supervisor - INFO - Epoch [148/2000] (1043) train_loss: 0.4928, l1_nll: 0.5220, l1_kld: 0.0000, l2_nll: -0.0293, l2_kld: 0.0000, val_mae: 101683864.0000, lr: 0.001000, 0.8s
2023-03-04 14:44:39,619 - model.pytorch.supervisor - INFO - Epoch [148/2000] (1043) test_nll: 41993352.0000, test_mae: 0.5176, test_non_mae: 15631473664.0000, lr: 0.001000, 0.8s
2023-03-04 14:44:41,897 - model.pytorch.supervisor - INFO - epoch complete
2023-03-04 14:44:41,897 - model.pytorch.supervisor - INFO - evaluating now!
2023-03-04 14:44:42,197 - model.pytorch.supervisor - INFO - Epoch [149/2000] (1050) train_loss: 0.4928, l1_nll: 0.5099, l1_kld: 0.0000, l2_nll: -0.0171, l2_kld: 0.0000, val_mae: 94041592.0000, lr: 0.001000, 0.9s
2023-03-04 14:44:42,827 - model.pytorch.supervisor - INFO - Epoch [149/2000] (1050) test_nll: 49028892.0000, test_mae: 0.5181, test_non_mae: 13828577280.0000, lr: 0.001000, 0.9s
2023-03-04 14:44:45,277 - model.pytorch.supervisor - INFO - epoch complete
2023-03-04 14:44:45,278 - model.pytorch.supervisor - INFO - evaluating now!
2023-03-04 14:44:45,651 - model.pytorch.supervisor - INFO - Epoch [150/2000] (1057) train_loss: 0.5077, l1_nll: 0.5388, l1_kld: 0.0000, l2_nll: -0.0311, l2_kld: 0.0000, val_mae: 100022944.0000, lr: 0.001000, 1.1s
2023-03-04 14:44:46,204 - model.pytorch.supervisor - INFO - Epoch [150/2000] (1057) test_nll: 59083404.0000, test_mae: 0.5173, test_non_mae: 15319285760.0000, lr: 0.001000, 1.1s
2023-03-04 14:44:48,501 - model.pytorch.supervisor - INFO - epoch complete
2023-03-04 14:44:48,502 - model.pytorch.supervisor - INFO - evaluating now!
2023-03-04 14:44:48,860 - model.pytorch.supervisor - INFO - Epoch [151/2000] (1064) train_loss: 0.5116, l1_nll: 0.5254, l1_kld: 0.0000, l2_nll: -0.0138, l2_kld: 0.0000, val_mae: 74911032.0000, lr: 0.001000, 1.0s
2023-03-04 14:44:49,454 - model.pytorch.supervisor - INFO - Epoch [151/2000] (1064) test_nll: 55637944.0000, test_mae: 0.5124, test_non_mae: 10336726016.0000, lr: 0.001000, 1.0s
2023-03-04 14:44:51,807 - model.pytorch.supervisor - INFO - epoch complete
2023-03-04 14:44:51,808 - model.pytorch.supervisor - INFO - evaluating now!
2023-03-04 14:44:52,137 - model.pytorch.supervisor - INFO - Epoch [152/2000] (1071) train_loss: 0.5004, l1_nll: 0.5367, l1_kld: 0.0000, l2_nll: -0.0363, l2_kld: 0.0000, val_mae: 79485264.0000, lr: 0.001000, 0.9s
2023-03-04 14:44:52,787 - model.pytorch.supervisor - INFO - Epoch [152/2000] (1071) test_nll: 73137400.0000, test_mae: 0.5151, test_non_mae: 11477094400.0000, lr: 0.001000, 0.9s
2023-03-04 14:44:55,077 - model.pytorch.supervisor - INFO - epoch complete
2023-03-04 14:44:55,077 - model.pytorch.supervisor - INFO - evaluating now!
2023-03-04 14:44:55,417 - model.pytorch.supervisor - INFO - Epoch [153/2000] (1078) train_loss: 0.5050, l1_nll: 0.5313, l1_kld: 0.0000, l2_nll: -0.0263, l2_kld: 0.0000, val_mae: 74182424.0000, lr: 0.001000, 0.9s
2023-03-04 14:44:55,943 - model.pytorch.supervisor - INFO - Epoch [153/2000] (1078) test_nll: 79020904.0000, test_mae: 0.5123, test_non_mae: 10454123520.0000, lr: 0.001000, 0.9s
2023-03-04 14:44:58,092 - model.pytorch.supervisor - INFO - epoch complete
2023-03-04 14:44:58,093 - model.pytorch.supervisor - INFO - evaluating now!
2023-03-04 14:44:58,371 - model.pytorch.supervisor - INFO - Epoch [154/2000] (1085) train_loss: 0.5499, l1_nll: 0.5518, l1_kld: 0.0000, l2_nll: -0.0019, l2_kld: 0.0000, val_mae: 70459568.0000, lr: 0.001000, 0.8s
2023-03-04 14:44:58,879 - model.pytorch.supervisor - INFO - Epoch [154/2000] (1085) test_nll: 79162120.0000, test_mae: 0.5145, test_non_mae: 10052941824.0000, lr: 0.001000, 0.8s
2023-03-04 14:45:01,013 - model.pytorch.supervisor - INFO - epoch complete
2023-03-04 14:45:01,013 - model.pytorch.supervisor - INFO - evaluating now!
2023-03-04 14:45:01,335 - model.pytorch.supervisor - INFO - Epoch [155/2000] (1092) train_loss: 0.5767, l1_nll: 0.5938, l1_kld: 0.0000, l2_nll: -0.0171, l2_kld: 0.0000, val_mae: 79370544.0000, lr: 0.001000, 0.8s
2023-03-04 14:45:01,843 - model.pytorch.supervisor - INFO - Epoch [155/2000] (1092) test_nll: 67817760.0000, test_mae: 0.5206, test_non_mae: 11181252608.0000, lr: 0.001000, 0.8s
2023-03-04 14:45:04,023 - model.pytorch.supervisor - INFO - epoch complete
2023-03-04 14:45:04,023 - model.pytorch.supervisor - INFO - evaluating now!
2023-03-04 14:45:04,329 - model.pytorch.supervisor - INFO - Epoch [156/2000] (1099) train_loss: 0.5519, l1_nll: 0.5699, l1_kld: 0.0000, l2_nll: -0.0180, l2_kld: 0.0000, val_mae: 66661296.0000, lr: 0.001000, 0.8s
2023-03-04 14:45:04,819 - model.pytorch.supervisor - INFO - Epoch [156/2000] (1099) test_nll: 47339404.0000, test_mae: 0.5108, test_non_mae: 9184058368.0000, lr: 0.001000, 0.8s
2023-03-04 14:45:06,969 - model.pytorch.supervisor - INFO - epoch complete
2023-03-04 14:45:06,969 - model.pytorch.supervisor - INFO - evaluating now!
2023-03-04 14:45:07,301 - model.pytorch.supervisor - INFO - Epoch [157/2000] (1106) train_loss: 0.5094, l1_nll: 0.5270, l1_kld: 0.0000, l2_nll: -0.0177, l2_kld: 0.0000, val_mae: 82187992.0000, lr: 0.001000, 0.8s
2023-03-04 14:45:07,792 - model.pytorch.supervisor - INFO - Epoch [157/2000] (1106) test_nll: 58716732.0000, test_mae: 0.5176, test_non_mae: 12001520640.0000, lr: 0.001000, 0.8s
2023-03-04 14:45:09,896 - model.pytorch.supervisor - INFO - epoch complete
2023-03-04 14:45:09,896 - model.pytorch.supervisor - INFO - evaluating now!
2023-03-04 14:45:10,225 - model.pytorch.supervisor - INFO - Epoch [158/2000] (1113) train_loss: 0.4886, l1_nll: 0.5229, l1_kld: 0.0000, l2_nll: -0.0343, l2_kld: 0.0000, val_mae: 73668720.0000, lr: 0.001000, 0.8s
2023-03-04 14:45:10,761 - model.pytorch.supervisor - INFO - Epoch [158/2000] (1113) test_nll: 74046744.0000, test_mae: 0.5171, test_non_mae: 10298549248.0000, lr: 0.001000, 0.8s
2023-03-04 14:45:12,971 - model.pytorch.supervisor - INFO - epoch complete
2023-03-04 14:45:12,972 - model.pytorch.supervisor - INFO - evaluating now!
2023-03-04 14:45:13,251 - model.pytorch.supervisor - INFO - Epoch [159/2000] (1120) train_loss: 0.5192, l1_nll: 0.5488, l1_kld: 0.0000, l2_nll: -0.0296, l2_kld: 0.0000, val_mae: 71805232.0000, lr: 0.001000, 0.8s
2023-03-04 14:45:13,791 - model.pytorch.supervisor - INFO - Epoch [159/2000] (1120) test_nll: 103080088.0000, test_mae: 0.5222, test_non_mae: 9736018944.0000, lr: 0.001000, 0.8s
